<?xml version="1.0" encoding="utf-8"?>
<test-run id="2" name="Smart_Accounting.Domain.NUnitTest.dll" fullname="/var/www/html/SmartAccounting/Smart_Accounting/Smart_Accounting.Domain.NUnitTest/bin/Debug/netcoreapp2.0/Smart_Accounting.Domain.NUnitTest.dll" testcasecount="9" result="Passed" start-time="2018-09-04 09:09:30Z" end-time="2018-09-04 09:09:30Z" duration="0.048030" total="9" passed="9" failed="0" inconclusive="0" skipped="0" asserts="14" random-seed="207850729">
  <command-line><![CDATA[/var/www/html/SmartAccounting/Smart_Accounting/Smart_Accounting.Domain.NUnitTest/bin/Debug/netcoreapp2.0/Smart_Accounting.Domain.NUnitTest.dll]]></command-line>
  <filter />
  <test-suite type="Assembly" id="1012" name="Smart_Accounting.Domain.NUnitTest.dll" fullname="/var/www/html/SmartAccounting/Smart_Accounting/Smart_Accounting.Domain.NUnitTest/bin/Debug/netcoreapp2.0/Smart_Accounting.Domain.NUnitTest.dll" runstate="Runnable" testcasecount="9" result="Passed" start-time="2018-09-04 09:09:30Z" end-time="2018-09-04 09:09:30Z" duration="0.048030" total="9" passed="9" failed="0" warnings="0" inconclusive="0" skipped="0" asserts="14">
    <environment framework-version="3.10.1.0" clr-version="4.0.30319.42000" os-version="Linux 4.15.0-32-generic #35-Ubuntu SMP Fri Aug 10 17:58:07 UTC 2018" platform="Unix" cwd="/var/www/html/SmartAccounting/Smart_Accounting/Smart_Accounting.Domain.NUnitTest" machine-name="appdiv-OptiPlex-3020" user="appdiv" user-domain="appdiv-OptiPlex-3020" culture="en-US" uiculture="en-US" os-architecture="x64" />
    <settings>
      <setting name="WorkDirectory" value="/var/www/html/SmartAccounting/Smart_Accounting/Smart_Accounting.Domain.NUnitTest" />
      <setting name="NumberOfTestWorkers" value="4" />
    </settings>
    <properties>
      <property name="_PID" value="2831" />
      <property name="_APPDOMAIN" value="Smart_Accounting.Domain.NUnitTest" />
    </properties>
    <test-suite type="TestSuite" id="1013" name="Smart_Accounting" fullname="Smart_Accounting" runstate="Runnable" testcasecount="9" result="Passed" start-time="2018-09-04 09:09:30Z" end-time="2018-09-04 09:09:30Z" duration="0.039878" total="9" passed="9" failed="0" warnings="0" inconclusive="0" skipped="0" asserts="14">
      <test-suite type="TestSuite" id="1014" name="Domain" fullname="Smart_Accounting.Domain" runstate="Runnable" testcasecount="9" result="Passed" start-time="2018-09-04 09:09:30Z" end-time="2018-09-04 09:09:30Z" duration="0.039337" total="9" passed="9" failed="0" warnings="0" inconclusive="0" skipped="0" asserts="14">
        <test-suite type="TestSuite" id="1015" name="NUnitTest" fullname="Smart_Accounting.Domain.NUnitTest" runstate="Runnable" testcasecount="9" result="Passed" start-time="2018-09-04 09:09:30Z" end-time="2018-09-04 09:09:30Z" duration="0.039330" total="9" passed="9" failed="0" warnings="0" inconclusive="0" skipped="0" asserts="14">
          <test-suite type="TestSuite" id="1017" name="Account" fullname="Smart_Accounting.Domain.NUnitTest.Account" runstate="Runnable" testcasecount="6" result="Passed" start-time="2018-09-04 09:09:30Z" end-time="2018-09-04 09:09:30Z" duration="0.033781" total="6" passed="6" failed="0" warnings="0" inconclusive="0" skipped="0" asserts="8">
            <test-suite type="TestFixture" id="1002" name="AccountChartTest" fullname="Smart_Accounting.Domain.NUnitTest.Account.AccountChartTest" classname="Smart_Accounting.Domain.NUnitTest.Account.AccountChartTest" runstate="Runnable" testcasecount="6" result="Passed" start-time="2018-09-04 09:09:30Z" end-time="2018-09-04 09:09:30Z" duration="0.030837" total="6" passed="6" failed="0" warnings="0" inconclusive="0" skipped="0" asserts="8">
              <test-case id="1008" name="AccountActiveInitialization" fullname="Smart_Accounting.Domain.NUnitTest.Account.AccountChartTest.AccountActiveInitialization" methodname="AccountActiveInitialization" classname="Smart_Accounting.Domain.NUnitTest.Account.AccountChartTest" runstate="Runnable" seed="387246240" result="Passed" start-time="2018-09-04 09:09:30Z" end-time="2018-09-04 09:09:30Z" duration="0.019428" asserts="1" />
              <test-case id="1003" name="AccountCodeInitialized" fullname="Smart_Accounting.Domain.NUnitTest.Account.AccountChartTest.AccountCodeInitialized" methodname="AccountCodeInitialized" classname="Smart_Accounting.Domain.NUnitTest.Account.AccountChartTest" runstate="Runnable" seed="680751192" result="Passed" start-time="2018-09-04 09:09:30Z" end-time="2018-09-04 09:09:30Z" duration="0.000910" asserts="1" />
              <test-case id="1007" name="AccountIdInitialization" fullname="Smart_Accounting.Domain.NUnitTest.Account.AccountChartTest.AccountIdInitialization" methodname="AccountIdInitialization" classname="Smart_Accounting.Domain.NUnitTest.Account.AccountChartTest" runstate="Runnable" seed="1910818486" result="Passed" start-time="2018-09-04 09:09:30Z" end-time="2018-09-04 09:09:30Z" duration="0.001529" asserts="1" />
              <test-case id="1004" name="AccountNameInitialization" fullname="Smart_Accounting.Domain.NUnitTest.Account.AccountChartTest.AccountNameInitialization" methodname="AccountNameInitialization" classname="Smart_Accounting.Domain.NUnitTest.Account.AccountChartTest" runstate="Runnable" seed="1267091815" result="Passed" start-time="2018-09-04 09:09:30Z" end-time="2018-09-04 09:09:30Z" duration="0.000243" asserts="1" />
              <test-case id="1006" name="AccountTypeInitialization" fullname="Smart_Accounting.Domain.NUnitTest.Account.AccountChartTest.AccountTypeInitialization" methodname="AccountTypeInitialization" classname="Smart_Accounting.Domain.NUnitTest.Account.AccountChartTest" runstate="Runnable" seed="1846694165" result="Passed" start-time="2018-09-04 09:09:30Z" end-time="2018-09-04 09:09:30Z" duration="0.000678" asserts="3" />
              <test-case id="1005" name="SubAccountCodeInitialization" fullname="Smart_Accounting.Domain.NUnitTest.Account.AccountChartTest.SubAccountCodeInitialization" methodname="SubAccountCodeInitialization" classname="Smart_Accounting.Domain.NUnitTest.Account.AccountChartTest" runstate="Runnable" seed="428248414" result="Passed" start-time="2018-09-04 09:09:30Z" end-time="2018-09-04 09:09:30Z" duration="0.000214" asserts="1" />
            </test-suite>
          </test-suite>
          <test-suite type="TestSuite" id="1018" name="Accounts" fullname="Smart_Accounting.Domain.NUnitTest.Accounts" runstate="Runnable" testcasecount="2" result="Passed" start-time="2018-09-04 09:09:30Z" end-time="2018-09-04 09:09:30Z" duration="0.036227" total="2" passed="2" failed="0" warnings="0" inconclusive="0" skipped="0" asserts="2">
            <test-suite type="TestFixture" id="1009" name="AccountTypeTest" fullname="Smart_Accounting.Domain.NUnitTest.Accounts.AccountTypeTest" classname="Smart_Accounting.Domain.NUnitTest.Accounts.AccountTypeTest" runstate="Runnable" testcasecount="2" result="Passed" start-time="2018-09-04 09:09:30Z" end-time="2018-09-04 09:09:30Z" duration="0.000396" total="2" passed="2" failed="0" warnings="0" inconclusive="0" skipped="0" asserts="2">
              <test-case id="1010" name="AccountTypeIdInitialized" fullname="Smart_Accounting.Domain.NUnitTest.Accounts.AccountTypeTest.AccountTypeIdInitialized" methodname="AccountTypeIdInitialized" classname="Smart_Accounting.Domain.NUnitTest.Accounts.AccountTypeTest" runstate="Runnable" seed="1016110059" result="Passed" start-time="2018-09-04 09:09:30Z" end-time="2018-09-04 09:09:30Z" duration="0.000152" asserts="1" />
              <test-case id="1011" name="AccountTypeNameInitialized" fullname="Smart_Accounting.Domain.NUnitTest.Accounts.AccountTypeTest.AccountTypeNameInitialized" methodname="AccountTypeNameInitialized" classname="Smart_Accounting.Domain.NUnitTest.Accounts.AccountTypeTest" runstate="Runnable" seed="337078976" result="Passed" start-time="2018-09-04 09:09:30Z" end-time="2018-09-04 09:09:30Z" duration="0.000136" asserts="1" />
            </test-suite>
          </test-suite>
          <test-suite type="TestSuite" id="1016" name="Organizations" fullname="Smart_Accounting.Domain.NUnitTest.Organizations" runstate="Runnable" testcasecount="1" result="Passed" start-time="2018-09-04 09:09:30Z" end-time="2018-09-04 09:09:30Z" duration="0.039308" total="1" passed="1" failed="0" warnings="0" inconclusive="0" skipped="0" asserts="4">
            <test-suite type="TestFixture" id="1000" name="OrganizationsTest" fullname="Smart_Accounting.Domain.NUnitTest.Organizations.OrganizationsTest" classname="Smart_Accounting.Domain.NUnitTest.Organizations.OrganizationsTest" runstate="Runnable" testcasecount="1" result="Passed" start-time="2018-09-04 09:09:30Z" end-time="2018-09-04 09:09:30Z" duration="0.003065" total="1" passed="1" failed="0" warnings="0" inconclusive="0" skipped="0" asserts="4">
              <properties>
                <property name="Author" value="Mikael Araya &lt;MikaelAraya12@gmail.com&gt;" />
              </properties>
              <test-case id="1001" name="OrganizationInitializationTEST" fullname="Smart_Accounting.Domain.NUnitTest.Organizations.OrganizationsTest.OrganizationInitializationTEST" methodname="OrganizationInitializationTEST" classname="Smart_Accounting.Domain.NUnitTest.Organizations.OrganizationsTest" runstate="Runnable" seed="630415884" result="Passed" start-time="2018-09-04 09:09:30Z" end-time="2018-09-04 09:09:30Z" duration="0.002955" asserts="4" />
            </test-suite>
          </test-suite>
        </test-suite>
      </test-suite>
    </test-suite>
  </test-suite>
</test-run>