<?xml version="1.0" encoding="utf-8"?>
<test-run id="2" name="Smart_Accounting.Domain.NUnitTest.dll" fullname="/var/www/html/SmartAccounting/Smart_Accounting/Smart_Accounting.Domain.NUnitTest/bin/Debug/netcoreapp2.0/Smart_Accounting.Domain.NUnitTest.dll" testcasecount="10" result="Passed" start-time="2018-09-03 11:26:40Z" end-time="2018-09-03 11:26:40Z" duration="0.045488" total="10" passed="10" failed="0" inconclusive="0" skipped="0" asserts="12" random-seed="1472443742">
  <command-line><![CDATA[/var/www/html/SmartAccounting/Smart_Accounting/Smart_Accounting.Domain.NUnitTest/bin/Debug/netcoreapp2.0/Smart_Accounting.Domain.NUnitTest.dll]]></command-line>
  <filter />
  <test-suite type="Assembly" id="1013" name="Smart_Accounting.Domain.NUnitTest.dll" fullname="/var/www/html/SmartAccounting/Smart_Accounting/Smart_Accounting.Domain.NUnitTest/bin/Debug/netcoreapp2.0/Smart_Accounting.Domain.NUnitTest.dll" runstate="Runnable" testcasecount="10" result="Passed" start-time="2018-09-03 11:26:40Z" end-time="2018-09-03 11:26:40Z" duration="0.045488" total="10" passed="10" failed="0" warnings="0" inconclusive="0" skipped="0" asserts="12">
    <environment framework-version="3.10.1.0" clr-version="4.0.30319.42000" os-version="Linux 4.15.0-32-generic #35-Ubuntu SMP Fri Aug 10 17:58:07 UTC 2018" platform="Unix" cwd="/var/www/html/SmartAccounting/Smart_Accounting" machine-name="appdiv-OptiPlex-3020" user="appdiv" user-domain="appdiv-OptiPlex-3020" culture="en-US" uiculture="en-US" os-architecture="x64" />
    <settings>
      <setting name="WorkDirectory" value="/var/www/html/SmartAccounting/Smart_Accounting" />
      <setting name="NumberOfTestWorkers" value="4" />
    </settings>
    <properties>
      <property name="_PID" value="3966" />
      <property name="_APPDOMAIN" value="Smart_Accounting.Domain.NUnitTest" />
    </properties>
    <test-suite type="TestSuite" id="1014" name="Smart_Accounting" fullname="Smart_Accounting" runstate="Runnable" testcasecount="10" result="Passed" start-time="2018-09-03 11:26:40Z" end-time="2018-09-03 11:26:40Z" duration="0.037321" total="10" passed="10" failed="0" warnings="0" inconclusive="0" skipped="0" asserts="12">
      <test-suite type="TestSuite" id="1015" name="Domain" fullname="Smart_Accounting.Domain" runstate="Runnable" testcasecount="10" result="Passed" start-time="2018-09-03 11:26:40Z" end-time="2018-09-03 11:26:40Z" duration="0.036809" total="10" passed="10" failed="0" warnings="0" inconclusive="0" skipped="0" asserts="12">
        <test-suite type="TestSuite" id="1016" name="NUnitTest" fullname="Smart_Accounting.Domain.NUnitTest" runstate="Runnable" testcasecount="10" result="Passed" start-time="2018-09-03 11:26:40Z" end-time="2018-09-03 11:26:40Z" duration="0.036792" total="10" passed="10" failed="0" warnings="0" inconclusive="0" skipped="0" asserts="12">
          <test-suite type="TestSuite" id="1018" name="Account" fullname="Smart_Accounting.Domain.NUnitTest.Account" runstate="Runnable" testcasecount="6" result="Passed" start-time="2018-09-03 11:26:40Z" end-time="2018-09-03 11:26:40Z" duration="0.033662" total="6" passed="6" failed="0" warnings="0" inconclusive="0" skipped="0" asserts="8">
            <test-suite type="TestFixture" id="1003" name="AccountChartTest" fullname="Smart_Accounting.Domain.NUnitTest.Account.AccountChartTest" classname="Smart_Accounting.Domain.NUnitTest.Account.AccountChartTest" runstate="Runnable" testcasecount="6" result="Passed" start-time="2018-09-03 11:26:40Z" end-time="2018-09-03 11:26:40Z" duration="0.030702" total="6" passed="6" failed="0" warnings="0" inconclusive="0" skipped="0" asserts="8">
              <test-case id="1009" name="AccountActiveInitialization" fullname="Smart_Accounting.Domain.NUnitTest.Account.AccountChartTest.AccountActiveInitialization" methodname="AccountActiveInitialization" classname="Smart_Accounting.Domain.NUnitTest.Account.AccountChartTest" runstate="Runnable" seed="1579778546" result="Passed" start-time="2018-09-03 11:26:40Z" end-time="2018-09-03 11:26:40Z" duration="0.019070" asserts="1" />
              <test-case id="1004" name="AccountCodeInitialized" fullname="Smart_Accounting.Domain.NUnitTest.Account.AccountChartTest.AccountCodeInitialized" methodname="AccountCodeInitialized" classname="Smart_Accounting.Domain.NUnitTest.Account.AccountChartTest" runstate="Runnable" seed="1063212636" result="Passed" start-time="2018-09-03 11:26:40Z" end-time="2018-09-03 11:26:40Z" duration="0.000930" asserts="1" />
              <test-case id="1008" name="AccountIdInitialization" fullname="Smart_Accounting.Domain.NUnitTest.Account.AccountChartTest.AccountIdInitialization" methodname="AccountIdInitialization" classname="Smart_Accounting.Domain.NUnitTest.Account.AccountChartTest" runstate="Runnable" seed="1522306057" result="Passed" start-time="2018-09-03 11:26:40Z" end-time="2018-09-03 11:26:40Z" duration="0.001539" asserts="1" />
              <test-case id="1005" name="AccountNameInitialization" fullname="Smart_Accounting.Domain.NUnitTest.Account.AccountChartTest.AccountNameInitialization" methodname="AccountNameInitialization" classname="Smart_Accounting.Domain.NUnitTest.Account.AccountChartTest" runstate="Runnable" seed="1510696557" result="Passed" start-time="2018-09-03 11:26:40Z" end-time="2018-09-03 11:26:40Z" duration="0.000251" asserts="1" />
              <test-case id="1007" name="AccountTypeInitialization" fullname="Smart_Accounting.Domain.NUnitTest.Account.AccountChartTest.AccountTypeInitialization" methodname="AccountTypeInitialization" classname="Smart_Accounting.Domain.NUnitTest.Account.AccountChartTest" runstate="Runnable" seed="669938477" result="Passed" start-time="2018-09-03 11:26:40Z" end-time="2018-09-03 11:26:40Z" duration="0.000706" asserts="3" />
              <test-case id="1006" name="SubAccountCodeInitialization" fullname="Smart_Accounting.Domain.NUnitTest.Account.AccountChartTest.SubAccountCodeInitialization" methodname="SubAccountCodeInitialization" classname="Smart_Accounting.Domain.NUnitTest.Account.AccountChartTest" runstate="Runnable" seed="1151352089" result="Passed" start-time="2018-09-03 11:26:40Z" end-time="2018-09-03 11:26:40Z" duration="0.000227" asserts="1" />
            </test-suite>
          </test-suite>
          <test-suite type="TestSuite" id="1019" name="Accounts" fullname="Smart_Accounting.Domain.NUnitTest.Accounts" runstate="Runnable" testcasecount="2" result="Passed" start-time="2018-09-03 11:26:40Z" end-time="2018-09-03 11:26:40Z" duration="0.036048" total="2" passed="2" failed="0" warnings="0" inconclusive="0" skipped="0" asserts="2">
            <test-suite type="TestFixture" id="1010" name="AccountTypeTest" fullname="Smart_Accounting.Domain.NUnitTest.Accounts.AccountTypeTest" classname="Smart_Accounting.Domain.NUnitTest.Accounts.AccountTypeTest" runstate="Runnable" testcasecount="2" result="Passed" start-time="2018-09-03 11:26:40Z" end-time="2018-09-03 11:26:40Z" duration="0.000467" total="2" passed="2" failed="0" warnings="0" inconclusive="0" skipped="0" asserts="2">
              <test-case id="1011" name="AccountTypeIdInitialized" fullname="Smart_Accounting.Domain.NUnitTest.Accounts.AccountTypeTest.AccountTypeIdInitialized" methodname="AccountTypeIdInitialized" classname="Smart_Accounting.Domain.NUnitTest.Accounts.AccountTypeTest" runstate="Runnable" seed="711510206" result="Passed" start-time="2018-09-03 11:26:40Z" end-time="2018-09-03 11:26:40Z" duration="0.000177" asserts="1" />
              <test-case id="1012" name="AccountTypeNameInitialized" fullname="Smart_Accounting.Domain.NUnitTest.Accounts.AccountTypeTest.AccountTypeNameInitialized" methodname="AccountTypeNameInitialized" classname="Smart_Accounting.Domain.NUnitTest.Accounts.AccountTypeTest" runstate="Runnable" seed="1012140744" result="Passed" start-time="2018-09-03 11:26:40Z" end-time="2018-09-03 11:26:40Z" duration="0.000144" asserts="1" />
            </test-suite>
          </test-suite>
          <test-suite type="TestSuite" id="1017" name="Organizations" fullname="Smart_Accounting.Domain.NUnitTest.Organizations" runstate="Runnable" testcasecount="2" result="Passed" start-time="2018-09-03 11:26:40Z" end-time="2018-09-03 11:26:40Z" duration="0.036780" total="2" passed="2" failed="0" warnings="0" inconclusive="0" skipped="0" asserts="2">
            <test-suite type="TestFixture" id="1000" name="OrganizationsTest" fullname="Smart_Accounting.Domain.NUnitTest.Organizations.OrganizationsTest" classname="Smart_Accounting.Domain.NUnitTest.Organizations.OrganizationsTest" runstate="Runnable" testcasecount="2" result="Passed" start-time="2018-09-03 11:26:40Z" end-time="2018-09-03 11:26:40Z" duration="0.000717" total="2" passed="2" failed="0" warnings="0" inconclusive="0" skipped="0" asserts="2">
              <test-case id="1001" name="OrganizationIdInitialization" fullname="Smart_Accounting.Domain.NUnitTest.Organizations.OrganizationsTest.OrganizationIdInitialization" methodname="OrganizationIdInitialization" classname="Smart_Accounting.Domain.NUnitTest.Organizations.OrganizationsTest" runstate="Runnable" seed="1729303376" result="Passed" start-time="2018-09-03 11:26:40Z" end-time="2018-09-03 11:26:40Z" duration="0.000371" asserts="1" />
              <test-case id="1002" name="OrganizationNameInitialization" fullname="Smart_Accounting.Domain.NUnitTest.Organizations.OrganizationsTest.OrganizationNameInitialization" methodname="OrganizationNameInitialization" classname="Smart_Accounting.Domain.NUnitTest.Organizations.OrganizationsTest" runstate="Runnable" seed="2127288168" result="Passed" start-time="2018-09-03 11:26:40Z" end-time="2018-09-03 11:26:40Z" duration="0.000226" asserts="1" />
            </test-suite>
          </test-suite>
        </test-suite>
      </test-suite>
    </test-suite>
  </test-suite>
</test-run>