<?xml version="1.0" encoding="utf-8"?>
<test-run id="2" name="Smart_Accounting.Application.NUnitTest.dll" fullname="/var/www/html/SmartAccounting/Smart_Accounting/Smart_Accounting.Application.NUnitTest/bin/Debug/netcoreapp2.0/Smart_Accounting.Application.NUnitTest.dll" testcasecount="9" result="Failed" start-time="2018-09-12 06:47:32Z" end-time="2018-09-12 06:47:33Z" duration="0.307769" total="9" passed="8" failed="1" inconclusive="0" skipped="0" asserts="24" random-seed="1655563090">
  <command-line><![CDATA[/var/www/html/SmartAccounting/Smart_Accounting/Smart_Accounting.Application.NUnitTest/bin/Debug/netcoreapp2.0/Smart_Accounting.Application.NUnitTest.dll]]></command-line>
  <filter />
  <test-suite type="Assembly" id="1012" name="Smart_Accounting.Application.NUnitTest.dll" fullname="/var/www/html/SmartAccounting/Smart_Accounting/Smart_Accounting.Application.NUnitTest/bin/Debug/netcoreapp2.0/Smart_Accounting.Application.NUnitTest.dll" runstate="Runnable" testcasecount="9" result="Failed" site="Child" start-time="2018-09-12 06:47:32Z" end-time="2018-09-12 06:47:33Z" duration="0.307769" total="9" passed="8" failed="1" warnings="0" inconclusive="0" skipped="0" asserts="24">
    <environment framework-version="3.10.1.0" clr-version="4.0.30319.42000" os-version="Linux 4.15.0-32-generic #35-Ubuntu SMP Fri Aug 10 17:58:07 UTC 2018" platform="Unix" cwd="/var/www/html/SmartAccounting/Smart_Accounting/Smart_Accounting.Application.NUnitTest" machine-name="appdiv-OptiPlex-3020" user="appdiv" user-domain="appdiv-OptiPlex-3020" culture="en-US" uiculture="en-US" os-architecture="x64" />
    <settings>
      <setting name="WorkDirectory" value="/var/www/html/SmartAccounting/Smart_Accounting/Smart_Accounting.Application.NUnitTest" />
      <setting name="NumberOfTestWorkers" value="4" />
    </settings>
    <properties>
      <property name="_PID" value="3237" />
      <property name="_APPDOMAIN" value="Smart_Accounting.Application.NUnitTest" />
    </properties>
    <failure>
      <message><![CDATA[One or more child tests had errors]]></message>
    </failure>
    <test-suite type="TestSuite" id="1013" name="Smart_Accounting" fullname="Smart_Accounting" runstate="Runnable" testcasecount="9" result="Failed" site="Child" start-time="2018-09-12 06:47:32Z" end-time="2018-09-12 06:47:33Z" duration="0.299692" total="9" passed="8" failed="1" warnings="0" inconclusive="0" skipped="0" asserts="24">
      <failure>
        <message><![CDATA[One or more child tests had errors]]></message>
      </failure>
      <test-suite type="TestSuite" id="1014" name="Application" fullname="Smart_Accounting.Application" runstate="Runnable" testcasecount="9" result="Failed" site="Child" start-time="2018-09-12 06:47:32Z" end-time="2018-09-12 06:47:33Z" duration="0.299201" total="9" passed="8" failed="1" warnings="0" inconclusive="0" skipped="0" asserts="24">
        <failure>
          <message><![CDATA[One or more child tests had errors]]></message>
        </failure>
        <test-suite type="TestSuite" id="1015" name="NUnitTest" fullname="Smart_Accounting.Application.NUnitTest" runstate="Runnable" testcasecount="9" result="Failed" site="Child" start-time="2018-09-12 06:47:32Z" end-time="2018-09-12 06:47:33Z" duration="0.299187" total="9" passed="8" failed="1" warnings="0" inconclusive="0" skipped="0" asserts="24">
          <failure>
            <message><![CDATA[One or more child tests had errors]]></message>
          </failure>
          <test-suite type="TestSuite" id="1016" name="Organizations" fullname="Smart_Accounting.Application.NUnitTest.Organizations" runstate="Runnable" testcasecount="9" result="Failed" site="Child" start-time="2018-09-12 06:47:32Z" end-time="2018-09-12 06:47:33Z" duration="0.299183" total="9" passed="8" failed="1" warnings="0" inconclusive="0" skipped="0" asserts="24">
            <failure>
              <message><![CDATA[One or more child tests had errors]]></message>
            </failure>
            <test-suite type="TestSuite" id="1019" name="Commands" fullname="Smart_Accounting.Application.NUnitTest.Organizations.Commands" runstate="Runnable" testcasecount="5" result="Failed" site="Child" start-time="2018-09-12 06:47:32Z" end-time="2018-09-12 06:47:33Z" duration="0.286547" total="5" passed="4" failed="1" warnings="0" inconclusive="0" skipped="0" asserts="5">
              <failure>
                <message><![CDATA[One or more child tests had errors]]></message>
              </failure>
              <test-suite type="TestFixture" id="1006" name="OrganizationCommandsTest" fullname="Smart_Accounting.Application.NUnitTest.Organizations.Commands.OrganizationCommandsTest" classname="Smart_Accounting.Application.NUnitTest.Organizations.Commands.OrganizationCommandsTest" runstate="Runnable" testcasecount="5" result="Failed" site="Child" start-time="2018-09-12 06:47:32Z" end-time="2018-09-12 06:47:33Z" duration="0.283611" total="5" passed="4" failed="1" warnings="0" inconclusive="0" skipped="0" asserts="5">
                <properties>
                  <property name="Author" value="Mikael Araya &lt;MikaelAraya12@gmail.com&gt;" />
                </properties>
                <failure>
                  <message><![CDATA[One or more child tests had errors]]></message>
                </failure>
                <test-case id="1008" name="CreateInvalidOrganizationTEST" fullname="Smart_Accounting.Application.NUnitTest.Organizations.Commands.OrganizationCommandsTest.CreateInvalidOrganizationTEST" methodname="CreateInvalidOrganizationTEST" classname="Smart_Accounting.Application.NUnitTest.Organizations.Commands.OrganizationCommandsTest" runstate="Runnable" seed="1602064690" result="Passed" start-time="2018-09-12 06:47:32Z" end-time="2018-09-12 06:47:33Z" duration="0.220954" asserts="1" />
                <test-case id="1007" name="CreateValidOrganizationTEST" fullname="Smart_Accounting.Application.NUnitTest.Organizations.Commands.OrganizationCommandsTest.CreateValidOrganizationTEST" methodname="CreateValidOrganizationTEST" classname="Smart_Accounting.Application.NUnitTest.Organizations.Commands.OrganizationCommandsTest" runstate="Runnable" seed="611539276" result="Passed" start-time="2018-09-12 06:47:33Z" end-time="2018-09-12 06:47:33Z" duration="0.007161" asserts="1" />
                <test-case id="1011" name="DeleteOrganizationTEST" fullname="Smart_Accounting.Application.NUnitTest.Organizations.Commands.OrganizationCommandsTest.DeleteOrganizationTEST" methodname="DeleteOrganizationTEST" classname="Smart_Accounting.Application.NUnitTest.Organizations.Commands.OrganizationCommandsTest" runstate="Runnable" seed="1271941723" result="Passed" start-time="2018-09-12 06:47:33Z" end-time="2018-09-12 06:47:33Z" duration="0.014137" asserts="1" />
                <test-case id="1010" name="Invalid_UpdateOrganization_TEST" fullname="Smart_Accounting.Application.NUnitTest.Organizations.Commands.OrganizationCommandsTest.Invalid_UpdateOrganization_TEST" methodname="Invalid_UpdateOrganization_TEST" classname="Smart_Accounting.Application.NUnitTest.Organizations.Commands.OrganizationCommandsTest" runstate="Runnable" seed="973838362" result="Failed" start-time="2018-09-12 06:47:33Z" end-time="2018-09-12 06:47:33Z" duration="0.029462" asserts="1">
                  <failure>
                    <message><![CDATA[  Expected: False
  But was:  True
]]></message>
                    <stack-trace><![CDATA[   at Smart_Accounting.Application.NUnitTest.Organizations.Commands.OrganizationCommandsTest.Invalid_UpdateOrganization_TEST() in /var/www/html/SmartAccounting/Smart_Accounting/Smart_Accounting.Application.NUnitTest/Organizations/Commands/OrganizationCommandsTest.cs:line 183
]]></stack-trace>
                  </failure>
                  <assertions>
                    <assertion result="Failed">
                      <message><![CDATA[  Expected: False
  But was:  True
]]></message>
                      <stack-trace><![CDATA[   at Smart_Accounting.Application.NUnitTest.Organizations.Commands.OrganizationCommandsTest.Invalid_UpdateOrganization_TEST() in /var/www/html/SmartAccounting/Smart_Accounting/Smart_Accounting.Application.NUnitTest/Organizations/Commands/OrganizationCommandsTest.cs:line 183
]]></stack-trace>
                    </assertion>
                  </assertions>
                </test-case>
                <test-case id="1009" name="validUpdateOrganizationTEST" fullname="Smart_Accounting.Application.NUnitTest.Organizations.Commands.OrganizationCommandsTest.validUpdateOrganizationTEST" methodname="validUpdateOrganizationTEST" classname="Smart_Accounting.Application.NUnitTest.Organizations.Commands.OrganizationCommandsTest" runstate="Runnable" seed="1925482546" result="Passed" start-time="2018-09-12 06:47:33Z" end-time="2018-09-12 06:47:33Z" duration="0.003956" asserts="1" />
              </test-suite>
            </test-suite>
            <test-suite type="TestSuite" id="1018" name="Factories" fullname="Smart_Accounting.Application.NUnitTest.Organizations.Factories" runstate="Runnable" testcasecount="3" result="Passed" start-time="2018-09-12 06:47:32Z" end-time="2018-09-12 06:47:33Z" duration="0.294526" total="3" passed="3" failed="0" warnings="0" inconclusive="0" skipped="0" asserts="18">
              <test-suite type="TestFixture" id="1002" name="OrganizationFactoryTest" fullname="Smart_Accounting.Application.NUnitTest.Organizations.Factories.OrganizationFactoryTest" classname="Smart_Accounting.Application.NUnitTest.Organizations.Factories.OrganizationFactoryTest" runstate="Runnable" testcasecount="3" result="Passed" start-time="2018-09-12 06:47:33Z" end-time="2018-09-12 06:47:33Z" duration="0.006067" total="3" passed="3" failed="0" warnings="0" inconclusive="0" skipped="0" asserts="18">
                <properties>
                  <property name="Author" value="Mikael Araya &lt;Mikaelaraya12@gmail.com&gt;" />
                </properties>
                <test-case id="1003" name="OrganizationForCreationTEST" fullname="Smart_Accounting.Application.NUnitTest.Organizations.Factories.OrganizationFactoryTest.OrganizationForCreationTEST" methodname="OrganizationForCreationTEST" classname="Smart_Accounting.Application.NUnitTest.Organizations.Factories.OrganizationFactoryTest" runstate="Runnable" seed="729625137" result="Passed" start-time="2018-09-12 06:47:33Z" end-time="2018-09-12 06:47:33Z" duration="0.004572" asserts="6" />
                <test-case id="1004" name="OrganizationForUpdateTEST" fullname="Smart_Accounting.Application.NUnitTest.Organizations.Factories.OrganizationFactoryTest.OrganizationForUpdateTEST" methodname="OrganizationForUpdateTEST" classname="Smart_Accounting.Application.NUnitTest.Organizations.Factories.OrganizationFactoryTest" runstate="Runnable" seed="1918389229" result="Passed" start-time="2018-09-12 06:47:33Z" end-time="2018-09-12 06:47:33Z" duration="0.000634" asserts="6" />
                <test-case id="1005" name="OrganizationForViewTest" fullname="Smart_Accounting.Application.NUnitTest.Organizations.Factories.OrganizationFactoryTest.OrganizationForViewTest" methodname="OrganizationForViewTest" classname="Smart_Accounting.Application.NUnitTest.Organizations.Factories.OrganizationFactoryTest" runstate="Runnable" seed="1744762345" result="Passed" start-time="2018-09-12 06:47:33Z" end-time="2018-09-12 06:47:33Z" duration="0.000714" asserts="6" />
              </test-suite>
            </test-suite>
            <test-suite type="TestSuite" id="1017" name="Queries" fullname="Smart_Accounting.Application.NUnitTest.Organizations.Queries" runstate="Runnable" testcasecount="1" result="Passed" start-time="2018-09-12 06:47:32Z" end-time="2018-09-12 06:47:33Z" duration="0.299170" total="1" passed="1" failed="0" warnings="0" inconclusive="0" skipped="0" asserts="1">
              <test-suite type="TestFixture" id="1000" name="OrganizationQueryTest" fullname="Smart_Accounting.Application.NUnitTest.Organizations.Queries.OrganizationQueryTest" classname="Smart_Accounting.Application.NUnitTest.Organizations.Queries.OrganizationQueryTest" runstate="Runnable" testcasecount="1" result="Passed" start-time="2018-09-12 06:47:33Z" end-time="2018-09-12 06:47:33Z" duration="0.004625" total="1" passed="1" failed="0" warnings="0" inconclusive="0" skipped="0" asserts="1">
                <properties>
                  <property name="Author" value="Mikael Araya &lt;MikaelAraya12@gmail.com&gt;" />
                </properties>
                <test-case id="1001" name="GetOrganizationByIdTEST" fullname="Smart_Accounting.Application.NUnitTest.Organizations.Queries.OrganizationQueryTest.GetOrganizationByIdTEST" methodname="GetOrganizationByIdTEST" classname="Smart_Accounting.Application.NUnitTest.Organizations.Queries.OrganizationQueryTest" runstate="Runnable" seed="1173033310" result="Passed" start-time="2018-09-12 06:47:33Z" end-time="2018-09-12 06:47:33Z" duration="0.004514" asserts="1" />
              </test-suite>
            </test-suite>
          </test-suite>
        </test-suite>
      </test-suite>
    </test-suite>
  </test-suite>
</test-run>