<?xml version="1.0" encoding="utf-8"?>
<test-run id="2" name="Smart_Accounting.Application.NUnitTest.dll" fullname="/var/www/html/SmartAccounting/Smart_Accounting/Smart_Accounting.Application.NUnitTest/bin/Debug/netcoreapp2.0/Smart_Accounting.Application.NUnitTest.dll" testcasecount="17" result="Failed" start-time="2018-11-12 06:23:19Z" end-time="2018-11-12 06:23:19Z" duration="0.706000" total="17" passed="13" failed="4" inconclusive="0" skipped="0" asserts="29" random-seed="1419880101">
  <command-line><![CDATA[/var/www/html/SmartAccounting/Smart_Accounting/Smart_Accounting.Application.NUnitTest/bin/Debug/netcoreapp2.0/Smart_Accounting.Application.NUnitTest.dll]]></command-line>
  <filter />
  <test-suite type="Assembly" id="1024" name="Smart_Accounting.Application.NUnitTest.dll" fullname="/var/www/html/SmartAccounting/Smart_Accounting/Smart_Accounting.Application.NUnitTest/bin/Debug/netcoreapp2.0/Smart_Accounting.Application.NUnitTest.dll" runstate="Runnable" testcasecount="17" result="Failed" site="Child" start-time="2018-11-12 06:23:19Z" end-time="2018-11-12 06:23:19Z" duration="0.706000" total="17" passed="13" failed="4" warnings="0" inconclusive="0" skipped="0" asserts="29">
    <environment framework-version="3.10.1.0" clr-version="4.0.30319.42000" os-version="Linux 4.15.0-32-generic #35-Ubuntu SMP Fri Aug 10 17:58:07 UTC 2018" platform="Unix" cwd="/var/www/html/SmartAccounting/Smart_Accounting/Smart_Accounting.Application.NUnitTest" machine-name="appdiv-OptiPlex-3020" user="appdiv" user-domain="appdiv-OptiPlex-3020" culture="en-US" uiculture="en-US" os-architecture="x64" />
    <settings>
      <setting name="WorkDirectory" value="/var/www/html/SmartAccounting/Smart_Accounting/Smart_Accounting.Application.NUnitTest" />
      <setting name="NumberOfTestWorkers" value="4" />
    </settings>
    <properties>
      <property name="_PID" value="4879" />
      <property name="_APPDOMAIN" value="Smart_Accounting.Application.NUnitTest" />
    </properties>
    <failure>
      <message><![CDATA[One or more child tests had errors]]></message>
    </failure>
    <test-suite type="TestSuite" id="1025" name="Smart_Accounting" fullname="Smart_Accounting" runstate="Runnable" testcasecount="17" result="Failed" site="Child" start-time="2018-11-12 06:23:19Z" end-time="2018-11-12 06:23:19Z" duration="0.697313" total="17" passed="13" failed="4" warnings="0" inconclusive="0" skipped="0" asserts="29">
      <failure>
        <message><![CDATA[One or more child tests had errors]]></message>
      </failure>
      <test-suite type="TestSuite" id="1026" name="Application" fullname="Smart_Accounting.Application" runstate="Runnable" testcasecount="17" result="Failed" site="Child" start-time="2018-11-12 06:23:19Z" end-time="2018-11-12 06:23:19Z" duration="0.696747" total="17" passed="13" failed="4" warnings="0" inconclusive="0" skipped="0" asserts="29">
        <failure>
          <message><![CDATA[One or more child tests had errors]]></message>
        </failure>
        <test-suite type="TestSuite" id="1027" name="NUnitTest" fullname="Smart_Accounting.Application.NUnitTest" runstate="Runnable" testcasecount="17" result="Failed" site="Child" start-time="2018-11-12 06:23:19Z" end-time="2018-11-12 06:23:19Z" duration="0.696738" total="17" passed="13" failed="4" warnings="0" inconclusive="0" skipped="0" asserts="29">
          <failure>
            <message><![CDATA[One or more child tests had errors]]></message>
          </failure>
          <test-suite type="TestSuite" id="1036" name="AccountCharts" fullname="Smart_Accounting.Application.NUnitTest.AccountCharts" runstate="Runnable" testcasecount="5" result="Failed" site="Child" start-time="2018-11-12 06:23:19Z" end-time="2018-11-12 06:23:19Z" duration="0.612304" total="5" passed="4" failed="1" warnings="0" inconclusive="0" skipped="0" asserts="3">
            <failure>
              <message><![CDATA[One or more child tests had errors]]></message>
            </failure>
            <test-suite type="TestSuite" id="1038" name="Commands" fullname="Smart_Accounting.Application.NUnitTest.AccountCharts.Commands" runstate="Runnable" testcasecount="3" result="Passed" start-time="2018-11-12 06:23:19Z" end-time="2018-11-12 06:23:19Z" duration="0.333880" total="3" passed="3" failed="0" warnings="0" inconclusive="0" skipped="0" asserts="3">
              <test-suite type="TestFixture" id="1020" name="AccountCommandsTEST" fullname="Smart_Accounting.Application.NUnitTest.AccountCharts.Commands.AccountCommandsTEST" classname="Smart_Accounting.Application.NUnitTest.AccountCharts.Commands.AccountCommandsTEST" runstate="Runnable" testcasecount="3" result="Passed" start-time="2018-11-12 06:23:19Z" end-time="2018-11-12 06:23:19Z" duration="0.330659" total="3" passed="3" failed="0" warnings="0" inconclusive="0" skipped="0" asserts="3">
                <properties>
                  <property name="Author" value="Mikael Araya &lt;Mikaelaraya12@gmail.com&gt;" />
                </properties>
                <test-case id="1021" name="AccountCommand_Create_VALID_Data_TEST" fullname="Smart_Accounting.Application.NUnitTest.AccountCharts.Commands.AccountCommandsTEST.AccountCommand_Create_VALID_Data_TEST" methodname="AccountCommand_Create_VALID_Data_TEST" classname="Smart_Accounting.Application.NUnitTest.AccountCharts.Commands.AccountCommandsTEST" runstate="Runnable" seed="224622668" result="Passed" start-time="2018-11-12 06:23:19Z" end-time="2018-11-12 06:23:19Z" duration="0.314553" asserts="1" />
                <test-case id="1023" name="AccountCommand_DeleteAccount_VALID_DATA_TEST" fullname="Smart_Accounting.Application.NUnitTest.AccountCharts.Commands.AccountCommandsTEST.AccountCommand_DeleteAccount_VALID_DATA_TEST" methodname="AccountCommand_DeleteAccount_VALID_DATA_TEST" classname="Smart_Accounting.Application.NUnitTest.AccountCharts.Commands.AccountCommandsTEST" runstate="Runnable" seed="83302789" result="Passed" start-time="2018-11-12 06:23:19Z" end-time="2018-11-12 06:23:19Z" duration="0.004336" asserts="1" />
                <test-case id="1022" name="AccountCommand_UpdateAccount_VALID_DATA_TEST" fullname="Smart_Accounting.Application.NUnitTest.AccountCharts.Commands.AccountCommandsTEST.AccountCommand_UpdateAccount_VALID_DATA_TEST" methodname="AccountCommand_UpdateAccount_VALID_DATA_TEST" classname="Smart_Accounting.Application.NUnitTest.AccountCharts.Commands.AccountCommandsTEST" runstate="Runnable" seed="96622577" result="Passed" start-time="2018-11-12 06:23:19Z" end-time="2018-11-12 06:23:19Z" duration="0.003088" asserts="1" />
              </test-suite>
            </test-suite>
            <test-suite type="TestSuite" id="1037" name="Factories" fullname="Smart_Accounting.Application.NUnitTest.AccountCharts.Factories" runstate="Runnable" testcasecount="2" result="Failed" site="Child" start-time="2018-11-12 06:23:19Z" end-time="2018-11-12 06:23:19Z" duration="0.612291" total="2" passed="1" failed="1" warnings="0" inconclusive="0" skipped="0" asserts="0">
              <failure>
                <message><![CDATA[One or more child tests had errors]]></message>
              </failure>
              <test-suite type="TestFixture" id="1017" name="AccountsFactoryTEST" fullname="Smart_Accounting.Application.NUnitTest.AccountCharts.Factories.AccountsFactoryTEST" classname="Smart_Accounting.Application.NUnitTest.AccountCharts.Factories.AccountsFactoryTEST" runstate="Runnable" testcasecount="2" result="Failed" site="Child" start-time="2018-11-12 06:23:19Z" end-time="2018-11-12 06:23:19Z" duration="0.276491" total="2" passed="1" failed="1" warnings="0" inconclusive="0" skipped="0" asserts="0">
                <properties>
                  <property name="Author" value="Mikael  Araya &lt;Mikaelaraya12@gmail.com&gt;" />
                </properties>
                <failure>
                  <message><![CDATA[One or more child tests had errors]]></message>
                </failure>
                <test-case id="1018" name="CreateAccountValidParameter_TEST" fullname="Smart_Accounting.Application.NUnitTest.AccountCharts.Factories.AccountsFactoryTEST.CreateAccountValidParameter_TEST" methodname="CreateAccountValidParameter_TEST" classname="Smart_Accounting.Application.NUnitTest.AccountCharts.Factories.AccountsFactoryTEST" runstate="Runnable" seed="1645817143" result="Failed" start-time="2018-11-12 06:23:19Z" end-time="2018-11-12 06:23:19Z" duration="0.276052" asserts="0">
                  <failure>
                    <message><![CDATA[Expected collection to be equal to {Smart_Accounting.Domain.CalendarPeriods.CalendarPeriod
   {
      Active = 1y
      Closed = 0y
      DateAdded = <null>
      DateUpdated = <null>
      End = <2018-10-10>
      Id = 1u
      IsBegining = <null>
      Ledger = {empty}
      OpeningBalance = {empty}
      Start = <2018-08-10>
   }}, but {{ Period =  }} differs at index 0.]]></message>
                    <stack-trace><![CDATA[   at FluentAssertions.Execution.LateBoundTestFramework.Throw(String message) in C:\projects\fluentassertions-vf06b\Src\FluentAssertions\Execution\LateBoundTestFramework.cs:line 22
   at FluentAssertions.Execution.AssertionScope.FailWith(String message, Object[] args) in C:\projects\fluentassertions-vf06b\Src\FluentAssertions\Execution\AssertionScope.cs:line 215
   at FluentAssertions.Execution.GivenSelector`1.FailWith(String message, Object[] args) in C:\projects\fluentassertions-vf06b\Src\FluentAssertions\Execution\GivenSelector.cs:line 127
   at FluentAssertions.Execution.GivenSelectorExtensions.AssertCollectionsHaveSameItems[TActual,TExpected](GivenSelector`1 givenSelector, TExpected[] expected, Func`3 findIndex) in C:\projects\fluentassertions-vf06b\Src\FluentAssertions\Execution\GivenSelectorExtensions.cs:line 80
   at FluentAssertions.Collections.CollectionAssertions`2.Equal(IEnumerable expected, String because, Object[] becauseArgs) in C:\projects\fluentassertions-vf06b\Src\FluentAssertions\Collections\CollectionAssertions.cs:line 229
   at Smart_Accounting.Application.NUnitTest.AccountCharts.Factories.AccountsFactoryTEST.CreateAccountValidParameter_TEST() in /var/www/html/SmartAccounting/Smart_Accounting/Smart_Accounting.Application.NUnitTest/AccountCharts/Factories/AccountsFactoryTEST.cs:line 106
]]></stack-trace>
                  </failure>
                </test-case>
                <test-case id="1019" name="UpdateAccountValidParameter_TEST" fullname="Smart_Accounting.Application.NUnitTest.AccountCharts.Factories.AccountsFactoryTEST.UpdateAccountValidParameter_TEST" methodname="UpdateAccountValidParameter_TEST" classname="Smart_Accounting.Application.NUnitTest.AccountCharts.Factories.AccountsFactoryTEST" runstate="Runnable" seed="1111477930" result="Passed" start-time="2018-11-12 06:23:19Z" end-time="2018-11-12 06:23:19Z" duration="0.000229" asserts="0" />
              </test-suite>
            </test-suite>
          </test-suite>
          <test-suite type="TestSuite" id="1034" name="Customers" fullname="Smart_Accounting.Application.NUnitTest.Customers" runstate="Runnable" testcasecount="3" result="Failed" site="Child" start-time="2018-11-12 06:23:19Z" end-time="2018-11-12 06:23:19Z" duration="0.644657" total="3" passed="0" failed="3" warnings="0" inconclusive="0" skipped="0" asserts="3">
            <failure>
              <message><![CDATA[One or more child tests had errors]]></message>
            </failure>
            <test-suite type="TestSuite" id="1035" name="Factories" fullname="Smart_Accounting.Application.NUnitTest.Customers.Factories" runstate="Runnable" testcasecount="3" result="Failed" site="Child" start-time="2018-11-12 06:23:19Z" end-time="2018-11-12 06:23:19Z" duration="0.644652" total="3" passed="0" failed="3" warnings="0" inconclusive="0" skipped="0" asserts="3">
              <failure>
                <message><![CDATA[One or more child tests had errors]]></message>
              </failure>
              <test-suite type="TestFixture" id="1013" name="CustomersFactoryTest" fullname="Smart_Accounting.Application.NUnitTest.Customers.Factories.CustomersFactoryTest" classname="Smart_Accounting.Application.NUnitTest.Customers.Factories.CustomersFactoryTest" runstate="Runnable" testcasecount="3" result="Failed" site="Child" start-time="2018-11-12 06:23:19Z" end-time="2018-11-12 06:23:19Z" duration="0.032324" total="3" passed="0" failed="3" warnings="0" inconclusive="0" skipped="0" asserts="3">
                <failure>
                  <message><![CDATA[One or more child tests had errors]]></message>
                </failure>
                <test-case id="1016" name="CustomerViewTest" fullname="Smart_Accounting.Application.NUnitTest.Customers.Factories.CustomersFactoryTest.CustomerViewTest" methodname="CustomerViewTest" classname="Smart_Accounting.Application.NUnitTest.Customers.Factories.CustomersFactoryTest" runstate="Runnable" seed="870489898" result="Failed" start-time="2018-11-12 06:23:19Z" end-time="2018-11-12 06:23:19Z" duration="0.025795" asserts="1">
                  <failure>
                    <message><![CDATA[  Expected: 1
  But was:  0
]]></message>
                    <stack-trace><![CDATA[   at Smart_Accounting.Application.NUnitTest.Customers.Factories.CustomersFactoryTest.CustomerViewTest() in /var/www/html/SmartAccounting/Smart_Accounting/Smart_Accounting.Application.NUnitTest/Customers/CustomersFactoryTest.cs:line 115
]]></stack-trace>
                  </failure>
                  <assertions>
                    <assertion result="Failed">
                      <message><![CDATA[  Expected: 1
  But was:  0
]]></message>
                      <stack-trace><![CDATA[   at Smart_Accounting.Application.NUnitTest.Customers.Factories.CustomersFactoryTest.CustomerViewTest() in /var/www/html/SmartAccounting/Smart_Accounting/Smart_Accounting.Application.NUnitTest/Customers/CustomersFactoryTest.cs:line 115
]]></stack-trace>
                    </assertion>
                  </assertions>
                </test-case>
                <test-case id="1014" name="NewCustomerTest" fullname="Smart_Accounting.Application.NUnitTest.Customers.Factories.CustomersFactoryTest.NewCustomerTest" methodname="NewCustomerTest" classname="Smart_Accounting.Application.NUnitTest.Customers.Factories.CustomersFactoryTest" runstate="Runnable" seed="764485554" result="Failed" start-time="2018-11-12 06:23:19Z" end-time="2018-11-12 06:23:19Z" duration="0.002478" asserts="1">
                  <failure>
                    <message><![CDATA[  Expected: 1
  But was:  0
]]></message>
                    <stack-trace><![CDATA[   at Smart_Accounting.Application.NUnitTest.Customers.Factories.CustomersFactoryTest.NewCustomerTest() in /var/www/html/SmartAccounting/Smart_Accounting/Smart_Accounting.Application.NUnitTest/Customers/CustomersFactoryTest.cs:line 60
]]></stack-trace>
                  </failure>
                  <assertions>
                    <assertion result="Failed">
                      <message><![CDATA[  Expected: 1
  But was:  0
]]></message>
                      <stack-trace><![CDATA[   at Smart_Accounting.Application.NUnitTest.Customers.Factories.CustomersFactoryTest.NewCustomerTest() in /var/www/html/SmartAccounting/Smart_Accounting/Smart_Accounting.Application.NUnitTest/Customers/CustomersFactoryTest.cs:line 60
]]></stack-trace>
                    </assertion>
                  </assertions>
                </test-case>
                <test-case id="1015" name="UpdateCustomerTest" fullname="Smart_Accounting.Application.NUnitTest.Customers.Factories.CustomersFactoryTest.UpdateCustomerTest" methodname="UpdateCustomerTest" classname="Smart_Accounting.Application.NUnitTest.Customers.Factories.CustomersFactoryTest" runstate="Runnable" seed="1462826995" result="Failed" start-time="2018-11-12 06:23:19Z" end-time="2018-11-12 06:23:19Z" duration="0.001781" asserts="1">
                  <failure>
                    <message><![CDATA[  Expected: 1
  But was:  2
]]></message>
                    <stack-trace><![CDATA[   at Smart_Accounting.Application.NUnitTest.Customers.Factories.CustomersFactoryTest.UpdateCustomerTest() in /var/www/html/SmartAccounting/Smart_Accounting/Smart_Accounting.Application.NUnitTest/Customers/CustomersFactoryTest.cs:line 87
]]></stack-trace>
                  </failure>
                  <assertions>
                    <assertion result="Failed">
                      <message><![CDATA[  Expected: 1
  But was:  2
]]></message>
                      <stack-trace><![CDATA[   at Smart_Accounting.Application.NUnitTest.Customers.Factories.CustomersFactoryTest.UpdateCustomerTest() in /var/www/html/SmartAccounting/Smart_Accounting/Smart_Accounting.Application.NUnitTest/Customers/CustomersFactoryTest.cs:line 87
]]></stack-trace>
                    </assertion>
                  </assertions>
                </test-case>
              </test-suite>
            </test-suite>
          </test-suite>
          <test-suite type="TestSuite" id="1032" name="Employees" fullname="Smart_Accounting.Application.NUnitTest.Employees" runstate="Runnable" testcasecount="1" result="Passed" start-time="2018-11-12 06:23:19Z" end-time="2018-11-12 06:23:19Z" duration="0.645669" total="1" passed="1" failed="0" warnings="0" inconclusive="0" skipped="0" asserts="0">
            <test-suite type="TestSuite" id="1033" name="Factories" fullname="Smart_Accounting.Application.NUnitTest.Employees.Factories" runstate="Runnable" testcasecount="1" result="Passed" start-time="2018-11-12 06:23:19Z" end-time="2018-11-12 06:23:19Z" duration="0.645658" total="1" passed="1" failed="0" warnings="0" inconclusive="0" skipped="0" asserts="0">
              <test-suite type="TestFixture" id="1011" name="CustomersFactoryTest" fullname="Smart_Accounting.Application.NUnitTest.Employees.Factories.CustomersFactoryTest" classname="Smart_Accounting.Application.NUnitTest.Employees.Factories.CustomersFactoryTest" runstate="Runnable" testcasecount="1" result="Passed" start-time="2018-11-12 06:23:19Z" end-time="2018-11-12 06:23:19Z" duration="0.000990" total="1" passed="1" failed="0" warnings="0" inconclusive="0" skipped="0" asserts="0">
                <test-case id="1012" name="NewEmployeeTest" fullname="Smart_Accounting.Application.NUnitTest.Employees.Factories.CustomersFactoryTest.NewEmployeeTest" methodname="NewEmployeeTest" classname="Smart_Accounting.Application.NUnitTest.Employees.Factories.CustomersFactoryTest" runstate="Runnable" seed="1190068583" result="Passed" start-time="2018-11-12 06:23:19Z" end-time="2018-11-12 06:23:19Z" duration="0.000080" asserts="0" />
              </test-suite>
            </test-suite>
          </test-suite>
          <test-suite type="TestSuite" id="1028" name="Organizations" fullname="Smart_Accounting.Application.NUnitTest.Organizations" runstate="Runnable" testcasecount="8" result="Passed" start-time="2018-11-12 06:23:19Z" end-time="2018-11-12 06:23:19Z" duration="0.696707" total="8" passed="8" failed="0" warnings="0" inconclusive="0" skipped="0" asserts="23">
            <test-suite type="TestSuite" id="1031" name="Commands" fullname="Smart_Accounting.Application.NUnitTest.Organizations.Commands" runstate="Runnable" testcasecount="4" result="Passed" start-time="2018-11-12 06:23:19Z" end-time="2018-11-12 06:23:19Z" duration="0.686917" total="4" passed="4" failed="0" warnings="0" inconclusive="0" skipped="0" asserts="4">
              <test-suite type="TestFixture" id="1006" name="OrganizationCommandsTest" fullname="Smart_Accounting.Application.NUnitTest.Organizations.Commands.OrganizationCommandsTest" classname="Smart_Accounting.Application.NUnitTest.Organizations.Commands.OrganizationCommandsTest" runstate="Runnable" testcasecount="4" result="Passed" start-time="2018-11-12 06:23:19Z" end-time="2018-11-12 06:23:19Z" duration="0.041244" total="4" passed="4" failed="0" warnings="0" inconclusive="0" skipped="0" asserts="4">
                <properties>
                  <property name="Author" value="Mikael Araya &lt;MikaelAraya12@gmail.com&gt;" />
                </properties>
                <test-case id="1008" name="CreateInvalidOrganizationTEST" fullname="Smart_Accounting.Application.NUnitTest.Organizations.Commands.OrganizationCommandsTest.CreateInvalidOrganizationTEST" methodname="CreateInvalidOrganizationTEST" classname="Smart_Accounting.Application.NUnitTest.Organizations.Commands.OrganizationCommandsTest" runstate="Runnable" seed="1182648312" result="Passed" start-time="2018-11-12 06:23:19Z" end-time="2018-11-12 06:23:19Z" duration="0.024110" asserts="1" />
                <test-case id="1007" name="CreateValidOrganizationTEST" fullname="Smart_Accounting.Application.NUnitTest.Organizations.Commands.OrganizationCommandsTest.CreateValidOrganizationTEST" methodname="CreateValidOrganizationTEST" classname="Smart_Accounting.Application.NUnitTest.Organizations.Commands.OrganizationCommandsTest" runstate="Runnable" seed="1949686742" result="Passed" start-time="2018-11-12 06:23:19Z" end-time="2018-11-12 06:23:19Z" duration="0.003296" asserts="1" />
                <test-case id="1010" name="DeleteOrganizationTEST" fullname="Smart_Accounting.Application.NUnitTest.Organizations.Commands.OrganizationCommandsTest.DeleteOrganizationTEST" methodname="DeleteOrganizationTEST" classname="Smart_Accounting.Application.NUnitTest.Organizations.Commands.OrganizationCommandsTest" runstate="Runnable" seed="814738989" result="Passed" start-time="2018-11-12 06:23:19Z" end-time="2018-11-12 06:23:19Z" duration="0.008642" asserts="1" />
                <test-case id="1009" name="validUpdateOrganizationTEST" fullname="Smart_Accounting.Application.NUnitTest.Organizations.Commands.OrganizationCommandsTest.validUpdateOrganizationTEST" methodname="validUpdateOrganizationTEST" classname="Smart_Accounting.Application.NUnitTest.Organizations.Commands.OrganizationCommandsTest" runstate="Runnable" seed="336196323" result="Passed" start-time="2018-11-12 06:23:19Z" end-time="2018-11-12 06:23:19Z" duration="0.005022" asserts="1" />
              </test-suite>
            </test-suite>
            <test-suite type="TestSuite" id="1030" name="Factories" fullname="Smart_Accounting.Application.NUnitTest.Organizations.Factories" runstate="Runnable" testcasecount="3" result="Passed" start-time="2018-11-12 06:23:19Z" end-time="2018-11-12 06:23:19Z" duration="0.691320" total="3" passed="3" failed="0" warnings="0" inconclusive="0" skipped="0" asserts="18">
              <test-suite type="TestFixture" id="1002" name="OrganizationFactoryTest" fullname="Smart_Accounting.Application.NUnitTest.Organizations.Factories.OrganizationFactoryTest" classname="Smart_Accounting.Application.NUnitTest.Organizations.Factories.OrganizationFactoryTest" runstate="Runnable" testcasecount="3" result="Passed" start-time="2018-11-12 06:23:19Z" end-time="2018-11-12 06:23:19Z" duration="0.004379" total="3" passed="3" failed="0" warnings="0" inconclusive="0" skipped="0" asserts="18">
                <properties>
                  <property name="Author" value="Mikael Araya &lt;Mikaelaraya12@gmail.com&gt;" />
                </properties>
                <test-case id="1003" name="OrganizationForCreationTEST" fullname="Smart_Accounting.Application.NUnitTest.Organizations.Factories.OrganizationFactoryTest.OrganizationForCreationTEST" methodname="OrganizationForCreationTEST" classname="Smart_Accounting.Application.NUnitTest.Organizations.Factories.OrganizationFactoryTest" runstate="Runnable" seed="290958848" result="Passed" start-time="2018-11-12 06:23:19Z" end-time="2018-11-12 06:23:19Z" duration="0.002635" asserts="6" />
                <test-case id="1004" name="OrganizationForUpdateTEST" fullname="Smart_Accounting.Application.NUnitTest.Organizations.Factories.OrganizationFactoryTest.OrganizationForUpdateTEST" methodname="OrganizationForUpdateTEST" classname="Smart_Accounting.Application.NUnitTest.Organizations.Factories.OrganizationFactoryTest" runstate="Runnable" seed="210114759" result="Passed" start-time="2018-11-12 06:23:19Z" end-time="2018-11-12 06:23:19Z" duration="0.000704" asserts="6" />
                <test-case id="1005" name="OrganizationForViewTest" fullname="Smart_Accounting.Application.NUnitTest.Organizations.Factories.OrganizationFactoryTest.OrganizationForViewTest" methodname="OrganizationForViewTest" classname="Smart_Accounting.Application.NUnitTest.Organizations.Factories.OrganizationFactoryTest" runstate="Runnable" seed="1043952190" result="Passed" start-time="2018-11-12 06:23:19Z" end-time="2018-11-12 06:23:19Z" duration="0.000865" asserts="6" />
              </test-suite>
            </test-suite>
            <test-suite type="TestSuite" id="1029" name="Queries" fullname="Smart_Accounting.Application.NUnitTest.Organizations.Queries" runstate="Runnable" testcasecount="1" result="Passed" start-time="2018-11-12 06:23:19Z" end-time="2018-11-12 06:23:19Z" duration="0.696697" total="1" passed="1" failed="0" warnings="0" inconclusive="0" skipped="0" asserts="1">
              <test-suite type="TestFixture" id="1000" name="OrganizationQueryTest" fullname="Smart_Accounting.Application.NUnitTest.Organizations.Queries.OrganizationQueryTest" classname="Smart_Accounting.Application.NUnitTest.Organizations.Queries.OrganizationQueryTest" runstate="Runnable" testcasecount="1" result="Passed" start-time="2018-11-12 06:23:19Z" end-time="2018-11-12 06:23:19Z" duration="0.005363" total="1" passed="1" failed="0" warnings="0" inconclusive="0" skipped="0" asserts="1">
                <properties>
                  <property name="Author" value="Mikael Araya &lt;MikaelAraya12@gmail.com&gt;" />
                </properties>
                <test-case id="1001" name="GetOrganizationByIdTEST" fullname="Smart_Accounting.Application.NUnitTest.Organizations.Queries.OrganizationQueryTest.GetOrganizationByIdTEST" methodname="GetOrganizationByIdTEST" classname="Smart_Accounting.Application.NUnitTest.Organizations.Queries.OrganizationQueryTest" runstate="Runnable" seed="1239071735" result="Passed" start-time="2018-11-12 06:23:19Z" end-time="2018-11-12 06:23:19Z" duration="0.005217" asserts="1" />
              </test-suite>
            </test-suite>
          </test-suite>
        </test-suite>
      </test-suite>
    </test-suite>
  </test-suite>
</test-run>