<?xml version="1.0" encoding="utf-8"?>
<test-run id="2" name="Smart_Accounting.Application.NUnitTest.dll" fullname="/var/www/html/SmartAccounting/Smart_Accounting/Smart_Accounting.Application.NUnitTest/bin/Debug/netcoreapp2.0/Smart_Accounting.Application.NUnitTest.dll" testcasecount="15" result="Failed" start-time="2018-10-04 07:31:47Z" end-time="2018-10-04 07:31:47Z" duration="0.363352" total="15" passed="11" failed="4" inconclusive="0" skipped="0" asserts="28" random-seed="478203606">
  <command-line><![CDATA[/var/www/html/SmartAccounting/Smart_Accounting/Smart_Accounting.Application.NUnitTest/bin/Debug/netcoreapp2.0/Smart_Accounting.Application.NUnitTest.dll]]></command-line>
  <filter />
  <test-suite type="Assembly" id="1022" name="Smart_Accounting.Application.NUnitTest.dll" fullname="/var/www/html/SmartAccounting/Smart_Accounting/Smart_Accounting.Application.NUnitTest/bin/Debug/netcoreapp2.0/Smart_Accounting.Application.NUnitTest.dll" runstate="Runnable" testcasecount="15" result="Failed" site="Child" start-time="2018-10-04 07:31:47Z" end-time="2018-10-04 07:31:47Z" duration="0.363352" total="15" passed="11" failed="4" warnings="0" inconclusive="0" skipped="0" asserts="28">
    <environment framework-version="3.10.1.0" clr-version="4.0.30319.42000" os-version="Linux 4.15.0-32-generic #35-Ubuntu SMP Fri Aug 10 17:58:07 UTC 2018" platform="Unix" cwd="/var/www/html/SmartAccounting/Smart_Accounting/Smart_Accounting.Application.NUnitTest" machine-name="appdiv-OptiPlex-3020" user="appdiv" user-domain="appdiv-OptiPlex-3020" culture="en-US" uiculture="en-US" os-architecture="x64" />
    <settings>
      <setting name="WorkDirectory" value="/var/www/html/SmartAccounting/Smart_Accounting/Smart_Accounting.Application.NUnitTest" />
      <setting name="NumberOfTestWorkers" value="4" />
    </settings>
    <properties>
      <property name="_PID" value="3828" />
      <property name="_APPDOMAIN" value="Smart_Accounting.Application.NUnitTest" />
    </properties>
    <failure>
      <message><![CDATA[One or more child tests had errors]]></message>
    </failure>
    <test-suite type="TestSuite" id="1023" name="Smart_Accounting" fullname="Smart_Accounting" runstate="Runnable" testcasecount="15" result="Failed" site="Child" start-time="2018-10-04 07:31:47Z" end-time="2018-10-04 07:31:47Z" duration="0.352379" total="15" passed="11" failed="4" warnings="0" inconclusive="0" skipped="0" asserts="28">
      <failure>
        <message><![CDATA[One or more child tests had errors]]></message>
      </failure>
      <test-suite type="TestSuite" id="1024" name="Application" fullname="Smart_Accounting.Application" runstate="Runnable" testcasecount="15" result="Failed" site="Child" start-time="2018-10-04 07:31:47Z" end-time="2018-10-04 07:31:47Z" duration="0.351751" total="15" passed="11" failed="4" warnings="0" inconclusive="0" skipped="0" asserts="28">
        <failure>
          <message><![CDATA[One or more child tests had errors]]></message>
        </failure>
        <test-suite type="TestSuite" id="1025" name="NUnitTest" fullname="Smart_Accounting.Application.NUnitTest" runstate="Runnable" testcasecount="15" result="Failed" site="Child" start-time="2018-10-04 07:31:47Z" end-time="2018-10-04 07:31:47Z" duration="0.351731" total="15" passed="11" failed="4" warnings="0" inconclusive="0" skipped="0" asserts="28">
          <failure>
            <message><![CDATA[One or more child tests had errors]]></message>
          </failure>
          <test-suite type="TestSuite" id="1034" name="AccountCharts" fullname="Smart_Accounting.Application.NUnitTest.AccountCharts" runstate="Runnable" testcasecount="3" result="Failed" site="Child" start-time="2018-10-04 07:31:47Z" end-time="2018-10-04 07:31:47Z" duration="0.273072" total="3" passed="2" failed="1" warnings="0" inconclusive="0" skipped="0" asserts="2">
            <failure>
              <message><![CDATA[One or more child tests had errors]]></message>
            </failure>
            <test-suite type="TestSuite" id="1035" name="Commands" fullname="Smart_Accounting.Application.NUnitTest.AccountCharts.Commands" runstate="Runnable" testcasecount="3" result="Failed" site="Child" start-time="2018-10-04 07:31:47Z" end-time="2018-10-04 07:31:47Z" duration="0.273066" total="3" passed="2" failed="1" warnings="0" inconclusive="0" skipped="0" asserts="2">
              <failure>
                <message><![CDATA[One or more child tests had errors]]></message>
              </failure>
              <test-suite type="TestFixture" id="1017" name="AccountCommandsTEST" fullname="Smart_Accounting.Application.NUnitTest.AccountCharts.Commands.AccountCommandsTEST" classname="Smart_Accounting.Application.NUnitTest.AccountCharts.Commands.AccountCommandsTEST" runstate="Runnable" testcasecount="2" result="Failed" site="Child" start-time="2018-10-04 07:31:47Z" end-time="2018-10-04 07:31:47Z" duration="0.267194" total="2" passed="1" failed="1" warnings="0" inconclusive="0" skipped="0" asserts="2">
                <properties>
                  <property name="Author" value="Mikael Araya &lt;Mikaelaraya12@gmail.com&gt;" />
                </properties>
                <failure>
                  <message><![CDATA[One or more child tests had errors]]></message>
                </failure>
                <test-case id="1018" name="AccountCommand_Create_VALID_Data_TEST" fullname="Smart_Accounting.Application.NUnitTest.AccountCharts.Commands.AccountCommandsTEST.AccountCommand_Create_VALID_Data_TEST" methodname="AccountCommand_Create_VALID_Data_TEST" classname="Smart_Accounting.Application.NUnitTest.AccountCharts.Commands.AccountCommandsTEST" runstate="Runnable" seed="2067553260" result="Passed" start-time="2018-10-04 07:31:47Z" end-time="2018-10-04 07:31:47Z" duration="0.230961" asserts="1" />
                <test-case id="1019" name="AccountCommand_UpdateAccount_VALID_DATA_TEST" fullname="Smart_Accounting.Application.NUnitTest.AccountCharts.Commands.AccountCommandsTEST.AccountCommand_UpdateAccount_VALID_DATA_TEST" methodname="AccountCommand_UpdateAccount_VALID_DATA_TEST" classname="Smart_Accounting.Application.NUnitTest.AccountCharts.Commands.AccountCommandsTEST" runstate="Runnable" seed="2082641296" result="Failed" start-time="2018-10-04 07:31:47Z" end-time="2018-10-04 07:31:47Z" duration="0.028019" asserts="1">
                  <failure>
                    <message><![CDATA[  Expected: True
  But was:  False
]]></message>
                    <stack-trace><![CDATA[   at Smart_Accounting.Application.NUnitTest.AccountCharts.Commands.AccountCommandsTEST.AccountCommand_UpdateAccount_VALID_DATA_TEST() in /var/www/html/SmartAccounting/Smart_Accounting/Smart_Accounting.Application.NUnitTest/AccountCharts/Commands/AccountCommandsTEST.cs:line 125
]]></stack-trace>
                  </failure>
                  <assertions>
                    <assertion result="Failed">
                      <message><![CDATA[  Expected: True
  But was:  False
]]></message>
                      <stack-trace><![CDATA[   at Smart_Accounting.Application.NUnitTest.AccountCharts.Commands.AccountCommandsTEST.AccountCommand_UpdateAccount_VALID_DATA_TEST() in /var/www/html/SmartAccounting/Smart_Accounting/Smart_Accounting.Application.NUnitTest/AccountCharts/Commands/AccountCommandsTEST.cs:line 125
]]></stack-trace>
                    </assertion>
                  </assertions>
                </test-case>
              </test-suite>
              <test-suite type="TestFixture" id="1020" name="AccountsFactoryTEST" fullname="Smart_Accounting.Application.NUnitTest.AccountCharts.Commands.AccountsFactoryTEST" classname="Smart_Accounting.Application.NUnitTest.AccountCharts.Commands.AccountsFactoryTEST" runstate="Runnable" testcasecount="1" result="Passed" start-time="2018-10-04 07:31:47Z" end-time="2018-10-04 07:31:47Z" duration="0.000783" total="1" passed="1" failed="0" warnings="0" inconclusive="0" skipped="0" asserts="0">
                <properties>
                  <property name="Author" value="Mikael  Araya &lt;Mikaelaraya12@gmail.com&gt;" />
                </properties>
                <test-case id="1021" name="CreateAccountValidParameter_TEST" fullname="Smart_Accounting.Application.NUnitTest.AccountCharts.Commands.AccountsFactoryTEST.CreateAccountValidParameter_TEST" methodname="CreateAccountValidParameter_TEST" classname="Smart_Accounting.Application.NUnitTest.AccountCharts.Commands.AccountsFactoryTEST" runstate="Runnable" seed="1926423232" result="Passed" start-time="2018-10-04 07:31:47Z" end-time="2018-10-04 07:31:47Z" duration="0.000583" asserts="0" />
              </test-suite>
            </test-suite>
          </test-suite>
          <test-suite type="TestSuite" id="1032" name="Customers" fullname="Smart_Accounting.Application.NUnitTest.Customers" runstate="Runnable" testcasecount="3" result="Failed" site="Child" start-time="2018-10-04 07:31:47Z" end-time="2018-10-04 07:31:47Z" duration="0.295846" total="3" passed="0" failed="3" warnings="0" inconclusive="0" skipped="0" asserts="3">
            <failure>
              <message><![CDATA[One or more child tests had errors]]></message>
            </failure>
            <test-suite type="TestSuite" id="1033" name="Factories" fullname="Smart_Accounting.Application.NUnitTest.Customers.Factories" runstate="Runnable" testcasecount="3" result="Failed" site="Child" start-time="2018-10-04 07:31:47Z" end-time="2018-10-04 07:31:47Z" duration="0.295840" total="3" passed="0" failed="3" warnings="0" inconclusive="0" skipped="0" asserts="3">
              <failure>
                <message><![CDATA[One or more child tests had errors]]></message>
              </failure>
              <test-suite type="TestFixture" id="1013" name="CustomersFactoryTest" fullname="Smart_Accounting.Application.NUnitTest.Customers.Factories.CustomersFactoryTest" classname="Smart_Accounting.Application.NUnitTest.Customers.Factories.CustomersFactoryTest" runstate="Runnable" testcasecount="3" result="Failed" site="Child" start-time="2018-10-04 07:31:47Z" end-time="2018-10-04 07:31:47Z" duration="0.022755" total="3" passed="0" failed="3" warnings="0" inconclusive="0" skipped="0" asserts="3">
                <failure>
                  <message><![CDATA[One or more child tests had errors]]></message>
                </failure>
                <test-case id="1016" name="CustomerViewTest" fullname="Smart_Accounting.Application.NUnitTest.Customers.Factories.CustomersFactoryTest.CustomerViewTest" methodname="CustomerViewTest" classname="Smart_Accounting.Application.NUnitTest.Customers.Factories.CustomersFactoryTest" runstate="Runnable" seed="316610879" result="Failed" start-time="2018-10-04 07:31:47Z" end-time="2018-10-04 07:31:47Z" duration="0.017146" asserts="1">
                  <failure>
                    <message><![CDATA[  Expected: 1
  But was:  2
]]></message>
                    <stack-trace><![CDATA[   at Smart_Accounting.Application.NUnitTest.Customers.Factories.CustomersFactoryTest.CustomerViewTest() in /var/www/html/SmartAccounting/Smart_Accounting/Smart_Accounting.Application.NUnitTest/Customers/CustomersFactoryTest.cs:line 113
]]></stack-trace>
                  </failure>
                  <assertions>
                    <assertion result="Failed">
                      <message><![CDATA[  Expected: 1
  But was:  2
]]></message>
                      <stack-trace><![CDATA[   at Smart_Accounting.Application.NUnitTest.Customers.Factories.CustomersFactoryTest.CustomerViewTest() in /var/www/html/SmartAccounting/Smart_Accounting/Smart_Accounting.Application.NUnitTest/Customers/CustomersFactoryTest.cs:line 113
]]></stack-trace>
                    </assertion>
                  </assertions>
                </test-case>
                <test-case id="1014" name="NewCustomerTest" fullname="Smart_Accounting.Application.NUnitTest.Customers.Factories.CustomersFactoryTest.NewCustomerTest" methodname="NewCustomerTest" classname="Smart_Accounting.Application.NUnitTest.Customers.Factories.CustomersFactoryTest" runstate="Runnable" seed="429932095" result="Failed" start-time="2018-10-04 07:31:47Z" end-time="2018-10-04 07:31:47Z" duration="0.001853" asserts="1">
                  <failure>
                    <message><![CDATA[  Expected: 1
  But was:  0
]]></message>
                    <stack-trace><![CDATA[   at Smart_Accounting.Application.NUnitTest.Customers.Factories.CustomersFactoryTest.NewCustomerTest() in /var/www/html/SmartAccounting/Smart_Accounting/Smart_Accounting.Application.NUnitTest/Customers/CustomersFactoryTest.cs:line 54
]]></stack-trace>
                  </failure>
                  <assertions>
                    <assertion result="Failed">
                      <message><![CDATA[  Expected: 1
  But was:  0
]]></message>
                      <stack-trace><![CDATA[   at Smart_Accounting.Application.NUnitTest.Customers.Factories.CustomersFactoryTest.NewCustomerTest() in /var/www/html/SmartAccounting/Smart_Accounting/Smart_Accounting.Application.NUnitTest/Customers/CustomersFactoryTest.cs:line 54
]]></stack-trace>
                    </assertion>
                  </assertions>
                </test-case>
                <test-case id="1015" name="UpdateCustomerTest" fullname="Smart_Accounting.Application.NUnitTest.Customers.Factories.CustomersFactoryTest.UpdateCustomerTest" methodname="UpdateCustomerTest" classname="Smart_Accounting.Application.NUnitTest.Customers.Factories.CustomersFactoryTest" runstate="Runnable" seed="1075241376" result="Failed" start-time="2018-10-04 07:31:47Z" end-time="2018-10-04 07:31:47Z" duration="0.001654" asserts="1">
                  <failure>
                    <message><![CDATA[  Expected: 1
  But was:  2
]]></message>
                    <stack-trace><![CDATA[   at Smart_Accounting.Application.NUnitTest.Customers.Factories.CustomersFactoryTest.UpdateCustomerTest() in /var/www/html/SmartAccounting/Smart_Accounting/Smart_Accounting.Application.NUnitTest/Customers/CustomersFactoryTest.cs:line 83
]]></stack-trace>
                  </failure>
                  <assertions>
                    <assertion result="Failed">
                      <message><![CDATA[  Expected: 1
  But was:  2
]]></message>
                      <stack-trace><![CDATA[   at Smart_Accounting.Application.NUnitTest.Customers.Factories.CustomersFactoryTest.UpdateCustomerTest() in /var/www/html/SmartAccounting/Smart_Accounting/Smart_Accounting.Application.NUnitTest/Customers/CustomersFactoryTest.cs:line 83
]]></stack-trace>
                    </assertion>
                  </assertions>
                </test-case>
              </test-suite>
            </test-suite>
          </test-suite>
          <test-suite type="TestSuite" id="1030" name="Employees" fullname="Smart_Accounting.Application.NUnitTest.Employees" runstate="Runnable" testcasecount="1" result="Passed" start-time="2018-10-04 07:31:47Z" end-time="2018-10-04 07:31:47Z" duration="0.296897" total="1" passed="1" failed="0" warnings="0" inconclusive="0" skipped="0" asserts="0">
            <test-suite type="TestSuite" id="1031" name="Factories" fullname="Smart_Accounting.Application.NUnitTest.Employees.Factories" runstate="Runnable" testcasecount="1" result="Passed" start-time="2018-10-04 07:31:47Z" end-time="2018-10-04 07:31:47Z" duration="0.296892" total="1" passed="1" failed="0" warnings="0" inconclusive="0" skipped="0" asserts="0">
              <test-suite type="TestFixture" id="1011" name="CustomersFactoryTest" fullname="Smart_Accounting.Application.NUnitTest.Employees.Factories.CustomersFactoryTest" classname="Smart_Accounting.Application.NUnitTest.Employees.Factories.CustomersFactoryTest" runstate="Runnable" testcasecount="1" result="Passed" start-time="2018-10-04 07:31:47Z" end-time="2018-10-04 07:31:47Z" duration="0.001023" total="1" passed="1" failed="0" warnings="0" inconclusive="0" skipped="0" asserts="0">
                <test-case id="1012" name="NewEmployeeTest" fullname="Smart_Accounting.Application.NUnitTest.Employees.Factories.CustomersFactoryTest.NewEmployeeTest" methodname="NewEmployeeTest" classname="Smart_Accounting.Application.NUnitTest.Employees.Factories.CustomersFactoryTest" runstate="Runnable" seed="364168000" result="Passed" start-time="2018-10-04 07:31:47Z" end-time="2018-10-04 07:31:47Z" duration="0.000103" asserts="0" />
              </test-suite>
            </test-suite>
          </test-suite>
          <test-suite type="TestSuite" id="1026" name="Organizations" fullname="Smart_Accounting.Application.NUnitTest.Organizations" runstate="Runnable" testcasecount="8" result="Passed" start-time="2018-10-04 07:31:47Z" end-time="2018-10-04 07:31:47Z" duration="0.351701" total="8" passed="8" failed="0" warnings="0" inconclusive="0" skipped="0" asserts="23">
            <test-suite type="TestSuite" id="1029" name="Commands" fullname="Smart_Accounting.Application.NUnitTest.Organizations.Commands" runstate="Runnable" testcasecount="4" result="Passed" start-time="2018-10-04 07:31:47Z" end-time="2018-10-04 07:31:47Z" duration="0.342040" total="4" passed="4" failed="0" warnings="0" inconclusive="0" skipped="0" asserts="4">
              <test-suite type="TestFixture" id="1006" name="OrganizationCommandsTest" fullname="Smart_Accounting.Application.NUnitTest.Organizations.Commands.OrganizationCommandsTest" classname="Smart_Accounting.Application.NUnitTest.Organizations.Commands.OrganizationCommandsTest" runstate="Runnable" testcasecount="4" result="Passed" start-time="2018-10-04 07:31:47Z" end-time="2018-10-04 07:31:47Z" duration="0.045135" total="4" passed="4" failed="0" warnings="0" inconclusive="0" skipped="0" asserts="4">
                <properties>
                  <property name="Author" value="Mikael Araya &lt;MikaelAraya12@gmail.com&gt;" />
                </properties>
                <test-case id="1008" name="CreateInvalidOrganizationTEST" fullname="Smart_Accounting.Application.NUnitTest.Organizations.Commands.OrganizationCommandsTest.CreateInvalidOrganizationTEST" methodname="CreateInvalidOrganizationTEST" classname="Smart_Accounting.Application.NUnitTest.Organizations.Commands.OrganizationCommandsTest" runstate="Runnable" seed="2093157750" result="Passed" start-time="2018-10-04 07:31:47Z" end-time="2018-10-04 07:31:47Z" duration="0.027435" asserts="1" />
                <test-case id="1007" name="CreateValidOrganizationTEST" fullname="Smart_Accounting.Application.NUnitTest.Organizations.Commands.OrganizationCommandsTest.CreateValidOrganizationTEST" methodname="CreateValidOrganizationTEST" classname="Smart_Accounting.Application.NUnitTest.Organizations.Commands.OrganizationCommandsTest" runstate="Runnable" seed="2092073804" result="Passed" start-time="2018-10-04 07:31:47Z" end-time="2018-10-04 07:31:47Z" duration="0.003477" asserts="1" />
                <test-case id="1010" name="DeleteOrganizationTEST" fullname="Smart_Accounting.Application.NUnitTest.Organizations.Commands.OrganizationCommandsTest.DeleteOrganizationTEST" methodname="DeleteOrganizationTEST" classname="Smart_Accounting.Application.NUnitTest.Organizations.Commands.OrganizationCommandsTest" runstate="Runnable" seed="1604687935" result="Passed" start-time="2018-10-04 07:31:47Z" end-time="2018-10-04 07:31:47Z" duration="0.008789" asserts="1" />
                <test-case id="1009" name="validUpdateOrganizationTEST" fullname="Smart_Accounting.Application.NUnitTest.Organizations.Commands.OrganizationCommandsTest.validUpdateOrganizationTEST" methodname="validUpdateOrganizationTEST" classname="Smart_Accounting.Application.NUnitTest.Organizations.Commands.OrganizationCommandsTest" runstate="Runnable" seed="385243157" result="Passed" start-time="2018-10-04 07:31:47Z" end-time="2018-10-04 07:31:47Z" duration="0.005230" asserts="1" />
              </test-suite>
            </test-suite>
            <test-suite type="TestSuite" id="1028" name="Factories" fullname="Smart_Accounting.Application.NUnitTest.Organizations.Factories" runstate="Runnable" testcasecount="3" result="Passed" start-time="2018-10-04 07:31:47Z" end-time="2018-10-04 07:31:47Z" duration="0.346249" total="3" passed="3" failed="0" warnings="0" inconclusive="0" skipped="0" asserts="18">
              <test-suite type="TestFixture" id="1002" name="OrganizationFactoryTest" fullname="Smart_Accounting.Application.NUnitTest.Organizations.Factories.OrganizationFactoryTest" classname="Smart_Accounting.Application.NUnitTest.Organizations.Factories.OrganizationFactoryTest" runstate="Runnable" testcasecount="3" result="Passed" start-time="2018-10-04 07:31:47Z" end-time="2018-10-04 07:31:47Z" duration="0.004195" total="3" passed="3" failed="0" warnings="0" inconclusive="0" skipped="0" asserts="18">
                <properties>
                  <property name="Author" value="Mikael Araya &lt;Mikaelaraya12@gmail.com&gt;" />
                </properties>
                <test-case id="1003" name="OrganizationForCreationTEST" fullname="Smart_Accounting.Application.NUnitTest.Organizations.Factories.OrganizationFactoryTest.OrganizationForCreationTEST" methodname="OrganizationForCreationTEST" classname="Smart_Accounting.Application.NUnitTest.Organizations.Factories.OrganizationFactoryTest" runstate="Runnable" seed="921187185" result="Passed" start-time="2018-10-04 07:31:47Z" end-time="2018-10-04 07:31:47Z" duration="0.002575" asserts="6" />
                <test-case id="1004" name="OrganizationForUpdateTEST" fullname="Smart_Accounting.Application.NUnitTest.Organizations.Factories.OrganizationFactoryTest.OrganizationForUpdateTEST" methodname="OrganizationForUpdateTEST" classname="Smart_Accounting.Application.NUnitTest.Organizations.Factories.OrganizationFactoryTest" runstate="Runnable" seed="1503880048" result="Passed" start-time="2018-10-04 07:31:47Z" end-time="2018-10-04 07:31:47Z" duration="0.000721" asserts="6" />
                <test-case id="1005" name="OrganizationForViewTest" fullname="Smart_Accounting.Application.NUnitTest.Organizations.Factories.OrganizationFactoryTest.OrganizationForViewTest" methodname="OrganizationForViewTest" classname="Smart_Accounting.Application.NUnitTest.Organizations.Factories.OrganizationFactoryTest" runstate="Runnable" seed="1828970397" result="Passed" start-time="2018-10-04 07:31:47Z" end-time="2018-10-04 07:31:47Z" duration="0.000732" asserts="6" />
              </test-suite>
            </test-suite>
            <test-suite type="TestSuite" id="1027" name="Queries" fullname="Smart_Accounting.Application.NUnitTest.Organizations.Queries" runstate="Runnable" testcasecount="1" result="Passed" start-time="2018-10-04 07:31:47Z" end-time="2018-10-04 07:31:47Z" duration="0.351692" total="1" passed="1" failed="0" warnings="0" inconclusive="0" skipped="0" asserts="1">
              <test-suite type="TestFixture" id="1000" name="OrganizationQueryTest" fullname="Smart_Accounting.Application.NUnitTest.Organizations.Queries.OrganizationQueryTest" classname="Smart_Accounting.Application.NUnitTest.Organizations.Queries.OrganizationQueryTest" runstate="Runnable" testcasecount="1" result="Passed" start-time="2018-10-04 07:31:47Z" end-time="2018-10-04 07:31:47Z" duration="0.005429" total="1" passed="1" failed="0" warnings="0" inconclusive="0" skipped="0" asserts="1">
                <properties>
                  <property name="Author" value="Mikael Araya &lt;MikaelAraya12@gmail.com&gt;" />
                </properties>
                <test-case id="1001" name="GetOrganizationByIdTEST" fullname="Smart_Accounting.Application.NUnitTest.Organizations.Queries.OrganizationQueryTest.GetOrganizationByIdTEST" methodname="GetOrganizationByIdTEST" classname="Smart_Accounting.Application.NUnitTest.Organizations.Queries.OrganizationQueryTest" runstate="Runnable" seed="1249475026" result="Passed" start-time="2018-10-04 07:31:47Z" end-time="2018-10-04 07:31:47Z" duration="0.005293" asserts="1" />
              </test-suite>
            </test-suite>
          </test-suite>
        </test-suite>
      </test-suite>
    </test-suite>
  </test-suite>
</test-run>