<?xml version="1.0" encoding="utf-8"?>
<test-run id="2" name="Smart_Accounting.Application.NUnitTest.dll" fullname="/var/www/html/SmartAccounting/Smart_Accounting/Smart_Accounting.Application.NUnitTest/bin/Debug/netcoreapp2.0/Smart_Accounting.Application.NUnitTest.dll" testcasecount="7" result="Failed" start-time="2018-09-05 11:58:19Z" end-time="2018-09-05 11:58:19Z" duration="0.343947" total="7" passed="6" failed="1" inconclusive="0" skipped="0" asserts="22" random-seed="1815232976">
  <command-line><![CDATA[/var/www/html/SmartAccounting/Smart_Accounting/Smart_Accounting.Application.NUnitTest/bin/Debug/netcoreapp2.0/Smart_Accounting.Application.NUnitTest.dll]]></command-line>
  <filter />
  <test-suite type="Assembly" id="1010" name="Smart_Accounting.Application.NUnitTest.dll" fullname="/var/www/html/SmartAccounting/Smart_Accounting/Smart_Accounting.Application.NUnitTest/bin/Debug/netcoreapp2.0/Smart_Accounting.Application.NUnitTest.dll" runstate="Runnable" testcasecount="7" result="Failed" site="Child" start-time="2018-09-05 11:58:19Z" end-time="2018-09-05 11:58:19Z" duration="0.343947" total="7" passed="6" failed="1" warnings="0" inconclusive="0" skipped="0" asserts="22">
    <environment framework-version="3.10.1.0" clr-version="4.0.30319.42000" os-version="Linux 4.15.0-32-generic #35-Ubuntu SMP Fri Aug 10 17:58:07 UTC 2018" platform="Unix" cwd="/var/www/html/SmartAccounting/Smart_Accounting/Smart_Accounting.Application.NUnitTest" machine-name="appdiv-OptiPlex-3020" user="appdiv" user-domain="appdiv-OptiPlex-3020" culture="en-US" uiculture="en-US" os-architecture="x64" />
    <settings>
      <setting name="WorkDirectory" value="/var/www/html/SmartAccounting/Smart_Accounting/Smart_Accounting.Application.NUnitTest" />
      <setting name="NumberOfTestWorkers" value="4" />
    </settings>
    <properties>
      <property name="_PID" value="10275" />
      <property name="_APPDOMAIN" value="Smart_Accounting.Application.NUnitTest" />
    </properties>
    <failure>
      <message><![CDATA[One or more child tests had errors]]></message>
    </failure>
    <test-suite type="TestSuite" id="1011" name="Smart_Accounting" fullname="Smart_Accounting" runstate="Runnable" testcasecount="7" result="Failed" site="Child" start-time="2018-09-05 11:58:19Z" end-time="2018-09-05 11:58:19Z" duration="0.335742" total="7" passed="6" failed="1" warnings="0" inconclusive="0" skipped="0" asserts="22">
      <failure>
        <message><![CDATA[One or more child tests had errors]]></message>
      </failure>
      <test-suite type="TestSuite" id="1012" name="Application" fullname="Smart_Accounting.Application" runstate="Runnable" testcasecount="7" result="Failed" site="Child" start-time="2018-09-05 11:58:19Z" end-time="2018-09-05 11:58:19Z" duration="0.335184" total="7" passed="6" failed="1" warnings="0" inconclusive="0" skipped="0" asserts="22">
        <failure>
          <message><![CDATA[One or more child tests had errors]]></message>
        </failure>
        <test-suite type="TestSuite" id="1013" name="NUnitTest" fullname="Smart_Accounting.Application.NUnitTest" runstate="Runnable" testcasecount="7" result="Failed" site="Child" start-time="2018-09-05 11:58:19Z" end-time="2018-09-05 11:58:19Z" duration="0.335166" total="7" passed="6" failed="1" warnings="0" inconclusive="0" skipped="0" asserts="22">
          <failure>
            <message><![CDATA[One or more child tests had errors]]></message>
          </failure>
          <test-suite type="TestSuite" id="1014" name="Organizations" fullname="Smart_Accounting.Application.NUnitTest.Organizations" runstate="Runnable" testcasecount="7" result="Failed" site="Child" start-time="2018-09-05 11:58:19Z" end-time="2018-09-05 11:58:19Z" duration="0.335161" total="7" passed="6" failed="1" warnings="0" inconclusive="0" skipped="0" asserts="22">
            <failure>
              <message><![CDATA[One or more child tests had errors]]></message>
            </failure>
            <test-suite type="TestSuite" id="1017" name="Commands" fullname="Smart_Accounting.Application.NUnitTest.Organizations.Commands" runstate="Runnable" testcasecount="3" result="Failed" site="Child" start-time="2018-09-05 11:58:19Z" end-time="2018-09-05 11:58:19Z" duration="0.322232" total="3" passed="2" failed="1" warnings="0" inconclusive="0" skipped="0" asserts="3">
              <failure>
                <message><![CDATA[One or more child tests had errors]]></message>
              </failure>
              <test-suite type="TestFixture" id="1006" name="OrganizationCommandsTest" fullname="Smart_Accounting.Application.NUnitTest.Organizations.Commands.OrganizationCommandsTest" classname="Smart_Accounting.Application.NUnitTest.Organizations.Commands.OrganizationCommandsTest" runstate="Runnable" testcasecount="3" result="Failed" site="Child" start-time="2018-09-05 11:58:19Z" end-time="2018-09-05 11:58:19Z" duration="0.319228" total="3" passed="2" failed="1" warnings="0" inconclusive="0" skipped="0" asserts="3">
                <properties>
                  <property name="Author" value="Mikael Araya &lt;MikaelAraya12@gmail.com&gt;" />
                </properties>
                <failure>
                  <message><![CDATA[One or more child tests had errors]]></message>
                </failure>
                <test-case id="1007" name="CreateOrganizationTEST" fullname="Smart_Accounting.Application.NUnitTest.Organizations.Commands.OrganizationCommandsTest.CreateOrganizationTEST" methodname="CreateOrganizationTEST" classname="Smart_Accounting.Application.NUnitTest.Organizations.Commands.OrganizationCommandsTest" runstate="Runnable" seed="563361075" result="Passed" start-time="2018-09-05 11:58:19Z" end-time="2018-09-05 11:58:19Z" duration="0.267662" asserts="1" />
                <test-case id="1009" name="DeleteOrganizationTEST" fullname="Smart_Accounting.Application.NUnitTest.Organizations.Commands.OrganizationCommandsTest.DeleteOrganizationTEST" methodname="DeleteOrganizationTEST" classname="Smart_Accounting.Application.NUnitTest.Organizations.Commands.OrganizationCommandsTest" runstate="Runnable" seed="433946239" result="Passed" start-time="2018-09-05 11:58:19Z" end-time="2018-09-05 11:58:19Z" duration="0.014216" asserts="1" />
                <test-case id="1008" name="UpdateOrganizationTEST" fullname="Smart_Accounting.Application.NUnitTest.Organizations.Commands.OrganizationCommandsTest.UpdateOrganizationTEST" methodname="UpdateOrganizationTEST" classname="Smart_Accounting.Application.NUnitTest.Organizations.Commands.OrganizationCommandsTest" runstate="Runnable" seed="1632808279" result="Failed" start-time="2018-09-05 11:58:19Z" end-time="2018-09-05 11:58:19Z" duration="0.029180" asserts="1">
                  <failure>
                    <message><![CDATA[  Expected: True
  But was:  False
]]></message>
                    <stack-trace><![CDATA[   at Smart_Accounting.Application.NUnitTest.Organizations.Commands.OrganizationCommandsTest.UpdateOrganizationTEST() in /var/www/html/SmartAccounting/Smart_Accounting/Smart_Accounting.Application.NUnitTest/Organizations/Commands/OrganizationCommandsTest.cs:line 113
]]></stack-trace>
                  </failure>
                  <assertions>
                    <assertion result="Failed">
                      <message><![CDATA[  Expected: True
  But was:  False
]]></message>
                      <stack-trace><![CDATA[   at Smart_Accounting.Application.NUnitTest.Organizations.Commands.OrganizationCommandsTest.UpdateOrganizationTEST() in /var/www/html/SmartAccounting/Smart_Accounting/Smart_Accounting.Application.NUnitTest/Organizations/Commands/OrganizationCommandsTest.cs:line 113
]]></stack-trace>
                    </assertion>
                  </assertions>
                </test-case>
              </test-suite>
            </test-suite>
            <test-suite type="TestSuite" id="1016" name="Factories" fullname="Smart_Accounting.Application.NUnitTest.Organizations.Factories" runstate="Runnable" testcasecount="3" result="Passed" start-time="2018-09-05 11:58:19Z" end-time="2018-09-05 11:58:19Z" duration="0.330349" total="3" passed="3" failed="0" warnings="0" inconclusive="0" skipped="0" asserts="18">
              <test-suite type="TestFixture" id="1002" name="OrganizationFactoryTest" fullname="Smart_Accounting.Application.NUnitTest.Organizations.Factories.OrganizationFactoryTest" classname="Smart_Accounting.Application.NUnitTest.Organizations.Factories.OrganizationFactoryTest" runstate="Runnable" testcasecount="3" result="Passed" start-time="2018-09-05 11:58:19Z" end-time="2018-09-05 11:58:19Z" duration="0.006202" total="3" passed="3" failed="0" warnings="0" inconclusive="0" skipped="0" asserts="18">
                <properties>
                  <property name="Author" value="Mikael Araya &lt;Mikaelaraya12@gmail.com&gt;" />
                </properties>
                <test-case id="1003" name="OrganizationForCreationTEST" fullname="Smart_Accounting.Application.NUnitTest.Organizations.Factories.OrganizationFactoryTest.OrganizationForCreationTEST" methodname="OrganizationForCreationTEST" classname="Smart_Accounting.Application.NUnitTest.Organizations.Factories.OrganizationFactoryTest" runstate="Runnable" seed="1638976691" result="Passed" start-time="2018-09-05 11:58:19Z" end-time="2018-09-05 11:58:19Z" duration="0.004655" asserts="6" />
                <test-case id="1004" name="OrganizationForUpdateTEST" fullname="Smart_Accounting.Application.NUnitTest.Organizations.Factories.OrganizationFactoryTest.OrganizationForUpdateTEST" methodname="OrganizationForUpdateTEST" classname="Smart_Accounting.Application.NUnitTest.Organizations.Factories.OrganizationFactoryTest" runstate="Runnable" seed="2122725393" result="Passed" start-time="2018-09-05 11:58:19Z" end-time="2018-09-05 11:58:19Z" duration="0.000662" asserts="6" />
                <test-case id="1005" name="OrganizationForViewTest" fullname="Smart_Accounting.Application.NUnitTest.Organizations.Factories.OrganizationFactoryTest.OrganizationForViewTest" methodname="OrganizationForViewTest" classname="Smart_Accounting.Application.NUnitTest.Organizations.Factories.OrganizationFactoryTest" runstate="Runnable" seed="141761114" result="Passed" start-time="2018-09-05 11:58:19Z" end-time="2018-09-05 11:58:19Z" duration="0.000715" asserts="6" />
              </test-suite>
            </test-suite>
            <test-suite type="TestSuite" id="1015" name="Queries" fullname="Smart_Accounting.Application.NUnitTest.Organizations.Queries" runstate="Runnable" testcasecount="1" result="Passed" start-time="2018-09-05 11:58:19Z" end-time="2018-09-05 11:58:19Z" duration="0.335149" total="1" passed="1" failed="0" warnings="0" inconclusive="0" skipped="0" asserts="1">
              <test-suite type="TestFixture" id="1000" name="OrganizationQueryTest" fullname="Smart_Accounting.Application.NUnitTest.Organizations.Queries.OrganizationQueryTest" classname="Smart_Accounting.Application.NUnitTest.Organizations.Queries.OrganizationQueryTest" runstate="Runnable" testcasecount="1" result="Passed" start-time="2018-09-05 11:58:19Z" end-time="2018-09-05 11:58:19Z" duration="0.004780" total="1" passed="1" failed="0" warnings="0" inconclusive="0" skipped="0" asserts="1">
                <properties>
                  <property name="Author" value="Mikael Araya &lt;MikaelAraya12@gmail.com&gt;" />
                </properties>
                <test-case id="1001" name="GetOrganizationByIdTEST" fullname="Smart_Accounting.Application.NUnitTest.Organizations.Queries.OrganizationQueryTest.GetOrganizationByIdTEST" methodname="GetOrganizationByIdTEST" classname="Smart_Accounting.Application.NUnitTest.Organizations.Queries.OrganizationQueryTest" runstate="Runnable" seed="467493388" result="Passed" start-time="2018-09-05 11:58:19Z" end-time="2018-09-05 11:58:19Z" duration="0.004662" asserts="1" />
              </test-suite>
            </test-suite>
          </test-suite>
        </test-suite>
      </test-suite>
    </test-suite>
  </test-suite>
</test-run>